{"/Users/utkarshupadhyay/projects_personal/candlescan/src/config/nseIndices.js": {"path":"/Users/utkarshupadhyay/projects_personal/candlescan/src/config/nseIndices.js","statementMap":{"0":{"start":{"line":6,"column":39},"end":{"line":6,"column":89}},"1":{"start":{"line":9,"column":33},"end":{"line":22,"column":1}},"2":{"start":{"line":24,"column":36},"end":{"line":24,"column":47}},"3":{"start":{"line":26,"column":27},"end":{"line":26,"column":54}},"4":{"start":{"line":30,"column":2},"end":{"line":37,"column":null}},"5":{"start":{"line":31,"column":16},"end":{"line":31,"column":56}},"6":{"start":{"line":32,"column":4},"end":{"line":32,"column":null}},"7":{"start":{"line":32,"column":14},"end":{"line":32,"column":null}},"8":{"start":{"line":33,"column":16},"end":{"line":33,"column":31}},"9":{"start":{"line":34,"column":4},"end":{"line":34,"column":null}},"10":{"start":{"line":36,"column":4},"end":{"line":36,"column":null}},"11":{"start":{"line":42,"column":19},"end":{"line":42,"column":37}},"12":{"start":{"line":43,"column":21},"end":{"line":43,"column":44}},"13":{"start":{"line":45,"column":2},"end":{"line":45,"column":null}},"14":{"start":{"line":45,"column":36},"end":{"line":45,"column":55}},"15":{"start":{"line":45,"column":58},"end":{"line":45,"column":null}},"16":{"start":{"line":46,"column":2},"end":{"line":46,"column":null}},"17":{"start":{"line":46,"column":27},"end":{"line":46,"column":46}},"18":{"start":{"line":46,"column":49},"end":{"line":46,"column":null}},"19":{"start":{"line":47,"column":18},"end":{"line":47,"column":84}},"20":{"start":{"line":48,"column":2},"end":{"line":48,"column":null}},"21":{"start":{"line":48,"column":8},"end":{"line":48,"column":74}},"22":{"start":{"line":49,"column":2},"end":{"line":49,"column":null}},"23":{"start":{"line":54,"column":18},"end":{"line":54,"column":63}},"24":{"start":{"line":54,"column":51},"end":{"line":54,"column":62}},"25":{"start":{"line":55,"column":2},"end":{"line":55,"column":null}},"26":{"start":{"line":55,"column":8},"end":{"line":55,"column":74}},"27":{"start":{"line":56,"column":2},"end":{"line":56,"column":null}},"28":{"start":{"line":61,"column":2},"end":{"line":61,"column":null}}},"fnMap":{"0":{"name":"getCustomIndices","decl":{"start":{"line":29,"column":16},"end":{"line":29,"column":32}},"loc":{"start":{"line":29,"column":35},"end":{"line":38,"column":null}},"line":29},"1":{"name":"addCustomIndex","decl":{"start":{"line":41,"column":16},"end":{"line":41,"column":30}},"loc":{"start":{"line":41,"column":35},"end":{"line":50,"column":null}},"line":41},"2":{"name":"(anonymous_2)","decl":{"start":{"line":45,"column":29},"end":{"line":45,"column":30}},"loc":{"start":{"line":45,"column":36},"end":{"line":45,"column":55}},"line":45},"3":{"name":"(anonymous_3)","decl":{"start":{"line":46,"column":20},"end":{"line":46,"column":21}},"loc":{"start":{"line":46,"column":27},"end":{"line":46,"column":46}},"line":46},"4":{"name":"removeCustomIndex","decl":{"start":{"line":53,"column":16},"end":{"line":53,"column":33}},"loc":{"start":{"line":53,"column":38},"end":{"line":57,"column":null}},"line":53},"5":{"name":"(anonymous_5)","decl":{"start":{"line":54,"column":44},"end":{"line":54,"column":45}},"loc":{"start":{"line":54,"column":51},"end":{"line":54,"column":62}},"line":54},"6":{"name":"getAllIndexOptions","decl":{"start":{"line":60,"column":16},"end":{"line":60,"column":34}},"loc":{"start":{"line":60,"column":37},"end":{"line":62,"column":null}},"line":60}},"branchMap":{"0":{"loc":{"start":{"line":32,"column":4},"end":{"line":32,"column":null}},"type":"if","locations":[{"start":{"line":32,"column":4},"end":{"line":32,"column":null}},{"start":{},"end":{}}],"line":32},"1":{"loc":{"start":{"line":34,"column":11},"end":{"line":34,"column":40}},"type":"cond-expr","locations":[{"start":{"line":34,"column":32},"end":{"line":34,"column":35}},{"start":{"line":34,"column":38},"end":{"line":34,"column":40}}],"line":34},"2":{"loc":{"start":{"line":45,"column":2},"end":{"line":45,"column":null}},"type":"if","locations":[{"start":{"line":45,"column":2},"end":{"line":45,"column":null}},{"start":{},"end":{}}],"line":45},"3":{"loc":{"start":{"line":46,"column":2},"end":{"line":46,"column":null}},"type":"if","locations":[{"start":{"line":46,"column":2},"end":{"line":46,"column":null}},{"start":{},"end":{}}],"line":46}},"s":{"0":1,"1":1,"2":1,"3":1,"4":11,"5":11,"6":11,"7":7,"8":4,"9":4,"10":0,"11":8,"12":8,"13":8,"14":64,"15":1,"16":7,"17":2,"18":1,"19":6,"20":6,"21":6,"22":6,"23":1,"24":2,"25":1,"26":1,"27":1,"28":1},"f":{"0":11,"1":8,"2":64,"3":2,"4":1,"5":2,"6":1},"b":{"0":[7,4],"1":[4,0],"2":[1,7],"3":[1,6]},"meta":{"lastBranch":4,"lastFunction":7,"lastStatement":29,"seen":{"s:6:39:6:89":0,"s:9:33:22:1":1,"s:24:36:24:47":2,"s:26:27:26:54":3,"f:29:16:29:32":0,"s:30:2:37:Infinity":4,"s:31:16:31:56":5,"b:32:4:32:Infinity:undefined:undefined:undefined:undefined":0,"s:32:4:32:Infinity":6,"s:32:14:32:Infinity":7,"s:33:16:33:31":8,"s:34:4:34:Infinity":9,"b:34:32:34:35:34:38:34:40":1,"s:36:4:36:Infinity":10,"f:41:16:41:30":1,"s:42:19:42:37":11,"s:43:21:43:44":12,"b:45:2:45:Infinity:undefined:undefined:undefined:undefined":2,"s:45:2:45:Infinity":13,"f:45:29:45:30":2,"s:45:36:45:55":14,"s:45:58:45:Infinity":15,"b:46:2:46:Infinity:undefined:undefined:undefined:undefined":3,"s:46:2:46:Infinity":16,"f:46:20:46:21":3,"s:46:27:46:46":17,"s:46:49:46:Infinity":18,"s:47:18:47:84":19,"s:48:2:48:Infinity":20,"s:48:8:48:74":21,"s:49:2:49:Infinity":22,"f:53:16:53:33":4,"s:54:18:54:63":23,"f:54:44:54:45":5,"s:54:51:54:62":24,"s:55:2:55:Infinity":25,"s:55:8:55:74":26,"s:56:2:56:Infinity":27,"f:60:16:60:34":6,"s:61:2:61:Infinity":28}}}
,"/Users/utkarshupadhyay/projects_personal/candlescan/src/data/niftyStocks.js": {"path":"/Users/utkarshupadhyay/projects_personal/candlescan/src/data/niftyStocks.js","statementMap":{},"fnMap":{},"branchMap":{},"s":{},"f":{},"b":{},"meta":{"lastBranch":0,"lastFunction":0,"lastStatement":0,"seen":{}}}
,"/Users/utkarshupadhyay/projects_personal/candlescan/src/data/signalCategories.js": {"path":"/Users/utkarshupadhyay/projects_personal/candlescan/src/data/signalCategories.js","statementMap":{"0":{"start":{"line":2,"column":33},"end":{"line":11,"column":1}},"1":{"start":{"line":14,"column":36},"end":{"line":14,"column":38}}},"fnMap":{},"branchMap":{},"s":{"0":1,"1":1},"f":{},"b":{},"meta":{"lastBranch":0,"lastFunction":0,"lastStatement":2,"seen":{"s:2:33:11:1":0,"s:14:36:14:38":1}}}
,"/Users/utkarshupadhyay/projects_personal/candlescan/src/engine/batchScan.js": {"path":"/Users/utkarshupadhyay/projects_personal/candlescan/src/engine/batchScan.js","statementMap":{"0":{"start":{"line":11,"column":20},"end":{"line":18,"column":1}},"1":{"start":{"line":40,"column":18},"end":{"line":40,"column":20}},"2":{"start":{"line":41,"column":18},"end":{"line":41,"column":19}},"3":{"start":{"line":42,"column":16},"end":{"line":42,"column":30}},"4":{"start":{"line":44,"column":2},"end":{"line":94,"column":null}},"5":{"start":{"line":44,"column":15},"end":{"line":44,"column":16}},"6":{"start":{"line":45,"column":4},"end":{"line":45,"column":null}},"7":{"start":{"line":45,"column":25},"end":{"line":45,"column":null}},"8":{"start":{"line":47,"column":18},"end":{"line":47,"column":51}},"9":{"start":{"line":49,"column":20},"end":{"line":79,"column":5}},"10":{"start":{"line":51,"column":8},"end":{"line":51,"column":null}},"11":{"start":{"line":51,"column":29},"end":{"line":51,"column":null}},"12":{"start":{"line":52,"column":8},"end":{"line":77,"column":null}},"13":{"start":{"line":53,"column":25},"end":{"line":53,"column":73}},"14":{"start":{"line":54,"column":65},"end":{"line":54,"column":71}},"15":{"start":{"line":55,"column":10},"end":{"line":55,"column":null}},"16":{"start":{"line":55,"column":41},"end":{"line":55,"column":null}},"17":{"start":{"line":57,"column":26},"end":{"line":57,"column":50}},"18":{"start":{"line":58,"column":21},"end":{"line":58,"column":49}},"19":{"start":{"line":59,"column":22},"end":{"line":59,"column":67}},"20":{"start":{"line":61,"column":10},"end":{"line":74,"column":null}},"21":{"start":{"line":76,"column":10},"end":{"line":76,"column":null}},"22":{"start":{"line":81,"column":4},"end":{"line":86,"column":null}},"23":{"start":{"line":82,"column":6},"end":{"line":82,"column":null}},"24":{"start":{"line":83,"column":6},"end":{"line":85,"column":null}},"25":{"start":{"line":84,"column":8},"end":{"line":84,"column":null}},"26":{"start":{"line":88,"column":4},"end":{"line":88,"column":null}},"27":{"start":{"line":91,"column":4},"end":{"line":93,"column":null}},"28":{"start":{"line":92,"column":6},"end":{"line":92,"column":null}},"29":{"start":{"line":92,"column":33},"end":{"line":92,"column":57}},"30":{"start":{"line":97,"column":2},"end":{"line":102,"column":null}},"31":{"start":{"line":98,"column":15},"end":{"line":98,"column":41}},"32":{"start":{"line":99,"column":15},"end":{"line":99,"column":41}},"33":{"start":{"line":100,"column":4},"end":{"line":100,"column":null}},"34":{"start":{"line":100,"column":19},"end":{"line":100,"column":null}},"35":{"start":{"line":101,"column":4},"end":{"line":101,"column":null}},"36":{"start":{"line":104,"column":2},"end":{"line":104,"column":null}}},"fnMap":{"0":{"name":"batchScan","decl":{"start":{"line":31,"column":22},"end":{"line":31,"column":31}},"loc":{"start":{"line":39,"column":3},"end":{"line":105,"column":null}},"line":39},"1":{"name":"(anonymous_1)","decl":{"start":{"line":50,"column":16},"end":{"line":50,"column":21}},"loc":{"start":{"line":50,"column":31},"end":{"line":78,"column":7}},"line":50},"2":{"name":"(anonymous_2)","decl":{"start":{"line":92,"column":24},"end":{"line":92,"column":25}},"loc":{"start":{"line":92,"column":33},"end":{"line":92,"column":57}},"line":92},"3":{"name":"(anonymous_3)","decl":{"start":{"line":97,"column":15},"end":{"line":97,"column":16}},"loc":{"start":{"line":97,"column":25},"end":{"line":102,"column":3}},"line":97}},"branchMap":{"0":{"loc":{"start":{"line":35,"column":2},"end":{"line":35,"column":17}},"type":"default-arg","locations":[{"start":{"line":35,"column":16},"end":{"line":35,"column":17}}],"line":35},"1":{"loc":{"start":{"line":36,"column":2},"end":{"line":36,"column":15}},"type":"default-arg","locations":[{"start":{"line":36,"column":12},"end":{"line":36,"column":15}}],"line":36},"2":{"loc":{"start":{"line":45,"column":4},"end":{"line":45,"column":null}},"type":"if","locations":[{"start":{"line":45,"column":4},"end":{"line":45,"column":null}},{"start":{},"end":{}}],"line":45},"3":{"loc":{"start":{"line":51,"column":8},"end":{"line":51,"column":null}},"type":"if","locations":[{"start":{"line":51,"column":8},"end":{"line":51,"column":null}},{"start":{},"end":{}}],"line":51},"4":{"loc":{"start":{"line":55,"column":10},"end":{"line":55,"column":null}},"type":"if","locations":[{"start":{"line":55,"column":10},"end":{"line":55,"column":null}},{"start":{},"end":{}}],"line":55},"5":{"loc":{"start":{"line":55,"column":14},"end":{"line":55,"column":39}},"type":"binary-expr","locations":[{"start":{"line":55,"column":14},"end":{"line":55,"column":19}},{"start":{"line":55,"column":23},"end":{"line":55,"column":39}}],"line":55},"6":{"loc":{"start":{"line":63,"column":25},"end":{"line":63,"column":53}},"type":"binary-expr","locations":[{"start":{"line":63,"column":25},"end":{"line":63,"column":36}},{"start":{"line":63,"column":40},"end":{"line":63,"column":53}}],"line":63},"7":{"loc":{"start":{"line":72,"column":24},"end":{"line":72,"column":51}},"type":"binary-expr","locations":[{"start":{"line":72,"column":24},"end":{"line":72,"column":41}},{"start":{"line":72,"column":45},"end":{"line":72,"column":51}}],"line":72},"8":{"loc":{"start":{"line":83,"column":6},"end":{"line":85,"column":null}},"type":"if","locations":[{"start":{"line":83,"column":6},"end":{"line":85,"column":null}},{"start":{},"end":{}}],"line":83},"9":{"loc":{"start":{"line":83,"column":10},"end":{"line":83,"column":45}},"type":"binary-expr","locations":[{"start":{"line":83,"column":10},"end":{"line":83,"column":34}},{"start":{"line":83,"column":38},"end":{"line":83,"column":45}}],"line":83},"10":{"loc":{"start":{"line":88,"column":35},"end":{"line":88,"column":64}},"type":"binary-expr","locations":[{"start":{"line":88,"column":35},"end":{"line":88,"column":58}},{"start":{"line":88,"column":62},"end":{"line":88,"column":64}}],"line":88},"11":{"loc":{"start":{"line":91,"column":4},"end":{"line":93,"column":null}},"type":"if","locations":[{"start":{"line":91,"column":4},"end":{"line":93,"column":null}},{"start":{},"end":{}}],"line":91},"12":{"loc":{"start":{"line":91,"column":8},"end":{"line":91,"column":66}},"type":"binary-expr","locations":[{"start":{"line":91,"column":8},"end":{"line":91,"column":31}},{"start":{"line":91,"column":35},"end":{"line":91,"column":46}},{"start":{"line":91,"column":50},"end":{"line":91,"column":66}}],"line":91},"13":{"loc":{"start":{"line":98,"column":15},"end":{"line":98,"column":41}},"type":"binary-expr","locations":[{"start":{"line":98,"column":15},"end":{"line":98,"column":36}},{"start":{"line":98,"column":40},"end":{"line":98,"column":41}}],"line":98},"14":{"loc":{"start":{"line":99,"column":15},"end":{"line":99,"column":41}},"type":"binary-expr","locations":[{"start":{"line":99,"column":15},"end":{"line":99,"column":36}},{"start":{"line":99,"column":40},"end":{"line":99,"column":41}}],"line":99},"15":{"loc":{"start":{"line":100,"column":4},"end":{"line":100,"column":null}},"type":"if","locations":[{"start":{"line":100,"column":4},"end":{"line":100,"column":null}},{"start":{},"end":{}}],"line":100}},"s":{"0":1,"1":6,"2":6,"3":6,"4":6,"5":6,"6":6,"7":1,"8":5,"9":5,"10":12,"11":0,"12":12,"13":12,"14":12,"15":12,"16":0,"17":12,"18":12,"19":12,"20":12,"21":0,"22":5,"23":12,"24":12,"25":12,"26":5,"27":6,"28":0,"29":0,"30":6,"31":10,"32":10,"33":10,"34":0,"35":10,"36":6},"f":{"0":6,"1":12,"2":0,"3":10},"b":{"0":[6],"1":[6],"2":[1,5],"3":[0,12],"4":[0,12],"5":[12,12],"6":[12,0],"7":[12,0],"8":[12,0],"9":[12,12],"10":[1,0],"11":[0,6],"12":[6,1,0],"13":[10,0],"14":[10,0],"15":[0,10]},"meta":{"lastBranch":16,"lastFunction":4,"lastStatement":37,"seen":{"s:11:20:18:1":0,"f:31:22:31:31":0,"b:35:16:35:17":0,"b:36:12:36:15":1,"s:40:18:40:20":1,"s:41:18:41:19":2,"s:42:16:42:30":3,"s:44:2:94:Infinity":4,"s:44:15:44:16":5,"b:45:4:45:Infinity:undefined:undefined:undefined:undefined":2,"s:45:4:45:Infinity":6,"s:45:25:45:Infinity":7,"s:47:18:47:51":8,"s:49:20:79:5":9,"f:50:16:50:21":1,"b:51:8:51:Infinity:undefined:undefined:undefined:undefined":3,"s:51:8:51:Infinity":10,"s:51:29:51:Infinity":11,"s:52:8:77:Infinity":12,"s:53:25:53:73":13,"s:54:65:54:71":14,"b:55:10:55:Infinity:undefined:undefined:undefined:undefined":4,"s:55:10:55:Infinity":15,"b:55:14:55:19:55:23:55:39":5,"s:55:41:55:Infinity":16,"s:57:26:57:50":17,"s:58:21:58:49":18,"s:59:22:59:67":19,"s:61:10:74:Infinity":20,"b:63:25:63:36:63:40:63:53":6,"b:72:24:72:41:72:45:72:51":7,"s:76:10:76:Infinity":21,"s:81:4:86:Infinity":22,"s:82:6:82:Infinity":23,"b:83:6:85:Infinity:undefined:undefined:undefined:undefined":8,"s:83:6:85:Infinity":24,"b:83:10:83:34:83:38:83:45":9,"s:84:8:84:Infinity":25,"s:88:4:88:Infinity":26,"b:88:35:88:58:88:62:88:64":10,"b:91:4:93:Infinity:undefined:undefined:undefined:undefined":11,"s:91:4:93:Infinity":27,"b:91:8:91:31:91:35:91:46:91:50:91:66":12,"s:92:6:92:Infinity":28,"f:92:24:92:25":2,"s:92:33:92:57":29,"s:97:2:102:Infinity":30,"f:97:15:97:16":3,"s:98:15:98:41":31,"b:98:15:98:36:98:40:98:41":13,"s:99:15:99:41":32,"b:99:15:99:36:99:40:99:41":14,"b:100:4:100:Infinity:undefined:undefined:undefined:undefined":15,"s:100:4:100:Infinity":33,"s:100:19:100:Infinity":34,"s:101:4:101:Infinity":35,"s:104:2:104:Infinity":36}}}
,"/Users/utkarshupadhyay/projects_personal/candlescan/src/engine/fetcher.js": {"path":"/Users/utkarshupadhyay/projects_personal/candlescan/src/engine/fetcher.js","statementMap":{"0":{"start":{"line":8,"column":20},"end":{"line":18,"column":1}},"1":{"start":{"line":20,"column":29},"end":{"line":27,"column":1}},"2":{"start":{"line":33,"column":29},"end":{"line":33,"column":79}},"3":{"start":{"line":36,"column":12},"end":{"line":39,"column":26}},"4":{"start":{"line":40,"column":2},"end":{"line":40,"column":null}},"5":{"start":{"line":40,"column":40},"end":{"line":40,"column":null}},"6":{"start":{"line":41,"column":2},"end":{"line":41,"column":null}},"7":{"start":{"line":41,"column":25},"end":{"line":41,"column":null}},"8":{"start":{"line":42,"column":2},"end":{"line":42,"column":null}},"9":{"start":{"line":42,"column":25},"end":{"line":42,"column":null}},"10":{"start":{"line":43,"column":2},"end":{"line":43,"column":null}},"11":{"start":{"line":47,"column":2},"end":{"line":47,"column":null}},"12":{"start":{"line":51,"column":15},"end":{"line":51,"column":100}},"13":{"start":{"line":52,"column":2},"end":{"line":52,"column":null}},"14":{"start":{"line":56,"column":2},"end":{"line":60,"column":null}},"15":{"start":{"line":57,"column":4},"end":{"line":57,"column":null}},"16":{"start":{"line":59,"column":4},"end":{"line":59,"column":null}},"17":{"start":{"line":65,"column":2},"end":{"line":65,"column":null}},"18":{"start":{"line":65,"column":53},"end":{"line":65,"column":null}},"19":{"start":{"line":66,"column":2},"end":{"line":71,"column":null}},"20":{"start":{"line":67,"column":14},"end":{"line":67,"column":73}},"21":{"start":{"line":68,"column":4},"end":{"line":68,"column":null}},"22":{"start":{"line":70,"column":4},"end":{"line":70,"column":null}},"23":{"start":{"line":76,"column":2},"end":{"line":76,"column":null}},"24":{"start":{"line":76,"column":37},"end":{"line":76,"column":null}},"25":{"start":{"line":77,"column":2},"end":{"line":82,"column":null}},"26":{"start":{"line":78,"column":4},"end":{"line":78,"column":null}},"27":{"start":{"line":78,"column":57},"end":{"line":78,"column":null}},"28":{"start":{"line":79,"column":4},"end":{"line":79,"column":null}},"29":{"start":{"line":79,"column":58},"end":{"line":79,"column":null}},"30":{"start":{"line":81,"column":4},"end":{"line":81,"column":null}},"31":{"start":{"line":83,"column":12},"end":{"line":83,"column":36}},"32":{"start":{"line":84,"column":2},"end":{"line":84,"column":null}},"33":{"start":{"line":84,"column":21},"end":{"line":84,"column":null}},"34":{"start":{"line":85,"column":12},"end":{"line":85,"column":58}},"35":{"start":{"line":86,"column":2},"end":{"line":86,"column":null}},"36":{"start":{"line":90,"column":12},"end":{"line":90,"column":36}},"37":{"start":{"line":91,"column":2},"end":{"line":91,"column":null}},"38":{"start":{"line":91,"column":10},"end":{"line":91,"column":null}},"39":{"start":{"line":92,"column":15},"end":{"line":92,"column":27}},"40":{"start":{"line":94,"column":4},"end":{"line":94,"column":56}},"41":{"start":{"line":95,"column":13},"end":{"line":95,"column":24}},"42":{"start":{"line":96,"column":12},"end":{"line":96,"column":36}},"43":{"start":{"line":97,"column":2},"end":{"line":97,"column":null}},"44":{"start":{"line":97,"column":25},"end":{"line":97,"column":null}},"45":{"start":{"line":98,"column":12},"end":{"line":98,"column":24}},"46":{"start":{"line":99,"column":12},"end":{"line":99,"column":24}},"47":{"start":{"line":100,"column":12},"end":{"line":100,"column":23}},"48":{"start":{"line":101,"column":12},"end":{"line":101,"column":25}},"49":{"start":{"line":102,"column":12},"end":{"line":102,"column":26}},"50":{"start":{"line":103,"column":18},"end":{"line":103,"column":20}},"51":{"start":{"line":104,"column":2},"end":{"line":118,"column":null}},"52":{"start":{"line":104,"column":15},"end":{"line":104,"column":16}},"53":{"start":{"line":105,"column":17},"end":{"line":105,"column":21}},"54":{"start":{"line":106,"column":17},"end":{"line":106,"column":21}},"55":{"start":{"line":107,"column":16},"end":{"line":107,"column":20}},"56":{"start":{"line":108,"column":18},"end":{"line":108,"column":22}},"57":{"start":{"line":109,"column":4},"end":{"line":109,"column":null}},"58":{"start":{"line":109,"column":70},"end":{"line":109,"column":null}},"59":{"start":{"line":110,"column":4},"end":{"line":117,"column":null}},"60":{"start":{"line":119,"column":2},"end":{"line":119,"column":null}},"61":{"start":{"line":127,"column":2},"end":{"line":127,"column":null}},"62":{"start":{"line":127,"column":24},"end":{"line":127,"column":null}},"63":{"start":{"line":128,"column":14},"end":{"line":128,"column":29}},"64":{"start":{"line":129,"column":14},"end":{"line":129,"column":18}},"65":{"start":{"line":130,"column":2},"end":{"line":132,"column":null}},"66":{"start":{"line":131,"column":4},"end":{"line":131,"column":null}},"67":{"start":{"line":133,"column":2},"end":{"line":133,"column":null}},"68":{"start":{"line":137,"column":14},"end":{"line":137,"column":53}},"69":{"start":{"line":138,"column":2},"end":{"line":138,"column":null}},"70":{"start":{"line":138,"column":15},"end":{"line":138,"column":null}},"71":{"start":{"line":139,"column":2},"end":{"line":139,"column":null}},"72":{"start":{"line":148,"column":2},"end":{"line":148,"column":null}},"73":{"start":{"line":148,"column":22},"end":{"line":148,"column":null}},"74":{"start":{"line":149,"column":14},"end":{"line":149,"column":68}},"75":{"start":{"line":150,"column":18},"end":{"line":150,"column":20}},"76":{"start":{"line":151,"column":2},"end":{"line":151,"column":null}},"77":{"start":{"line":151,"column":18},"end":{"line":151,"column":null}},"78":{"start":{"line":152,"column":14},"end":{"line":152,"column":62}},"79":{"start":{"line":153,"column":2},"end":{"line":153,"column":null}},"80":{"start":{"line":153,"column":15},"end":{"line":153,"column":null}},"81":{"start":{"line":154,"column":2},"end":{"line":154,"column":null}},"82":{"start":{"line":161,"column":19},"end":{"line":161,"column":50}},"83":{"start":{"line":162,"column":14},"end":{"line":162,"column":58}},"84":{"start":{"line":163,"column":2},"end":{"line":163,"column":null}},"85":{"start":{"line":163,"column":15},"end":{"line":163,"column":null}},"86":{"start":{"line":164,"column":15},"end":{"line":164,"column":31}},"87":{"start":{"line":165,"column":17},"end":{"line":165,"column":36}},"88":{"start":{"line":166,"column":12},"end":{"line":166,"column":32}},"89":{"start":{"line":167,"column":16},"end":{"line":167,"column":70}},"90":{"start":{"line":168,"column":12},"end":{"line":168,"column":30}},"91":{"start":{"line":169,"column":2},"end":{"line":169,"column":null}},"92":{"start":{"line":169,"column":16},"end":{"line":169,"column":null}},"93":{"start":{"line":170,"column":2},"end":{"line":170,"column":null}},"94":{"start":{"line":176,"column":2},"end":{"line":180,"column":null}},"95":{"start":{"line":177,"column":4},"end":{"line":177,"column":null}},"96":{"start":{"line":179,"column":4},"end":{"line":179,"column":null}},"97":{"start":{"line":181,"column":2},"end":{"line":181,"column":null}},"98":{"start":{"line":182,"column":2},"end":{"line":182,"column":null}},"99":{"start":{"line":182,"column":13},"end":{"line":182,"column":null}},"100":{"start":{"line":183,"column":14},"end":{"line":183,"column":42}},"101":{"start":{"line":184,"column":14},"end":{"line":184,"column":77}},"102":{"start":{"line":185,"column":2},"end":{"line":185,"column":null}},"103":{"start":{"line":185,"column":15},"end":{"line":185,"column":28}},"104":{"start":{"line":190,"column":14},"end":{"line":190,"column":42}},"105":{"start":{"line":191,"column":14},"end":{"line":194,"column":3}},"106":{"start":{"line":195,"column":2},"end":{"line":195,"column":null}},"107":{"start":{"line":195,"column":15},"end":{"line":195,"column":null}},"108":{"start":{"line":196,"column":15},"end":{"line":196,"column":31}},"109":{"start":{"line":197,"column":2},"end":{"line":197,"column":null}},"110":{"start":{"line":197,"column":53},"end":{"line":197,"column":null}},"111":{"start":{"line":198,"column":2},"end":{"line":198,"column":null}},"112":{"start":{"line":202,"column":19},"end":{"line":202,"column":57}},"113":{"start":{"line":203,"column":14},"end":{"line":203,"column":42}},"114":{"start":{"line":204,"column":21},"end":{"line":204,"column":40}},"115":{"start":{"line":206,"column":19},"end":{"line":206,"column":21}},"116":{"start":{"line":209,"column":2},"end":{"line":215,"column":null}},"117":{"start":{"line":210,"column":4},"end":{"line":214,"column":null}},"118":{"start":{"line":211,"column":6},"end":{"line":213,"column":null}},"119":{"start":{"line":212,"column":8},"end":{"line":212,"column":null}},"120":{"start":{"line":218,"column":2},"end":{"line":218,"column":null}},"121":{"start":{"line":218,"column":22},"end":{"line":218,"column":60}},"122":{"start":{"line":221,"column":19},"end":{"line":221,"column":49}},"123":{"start":{"line":222,"column":2},"end":{"line":222,"column":null}},"124":{"start":{"line":222,"column":16},"end":{"line":222,"column":null}},"125":{"start":{"line":225,"column":2},"end":{"line":229,"column":null}},"126":{"start":{"line":226,"column":10},"end":{"line":226,"column":38}},"127":{"start":{"line":227,"column":10},"end":{"line":227,"column":63}},"128":{"start":{"line":228,"column":10},"end":{"line":228,"column":41}},"129":{"start":{"line":231,"column":2},"end":{"line":240,"column":null}},"130":{"start":{"line":232,"column":4},"end":{"line":239,"column":null}},"131":{"start":{"line":233,"column":19},"end":{"line":233,"column":30}},"132":{"start":{"line":234,"column":21},"end":{"line":234,"column":41}},"133":{"start":{"line":235,"column":6},"end":{"line":236,"column":null}},"134":{"start":{"line":236,"column":8},"end":{"line":236,"column":null}},"135":{"start":{"line":241,"column":2},"end":{"line":241,"column":null}},"136":{"start":{"line":245,"column":10},"end":{"line":245,"column":27}},"137":{"start":{"line":246,"column":2},"end":{"line":246,"column":null}},"138":{"start":{"line":246,"column":14},"end":{"line":246,"column":null}},"139":{"start":{"line":247,"column":2},"end":{"line":250,"column":null}},"140":{"start":{"line":248,"column":4},"end":{"line":248,"column":null}},"141":{"start":{"line":249,"column":4},"end":{"line":249,"column":null}},"142":{"start":{"line":254,"column":10},"end":{"line":254,"column":11}},"143":{"start":{"line":255,"column":2},"end":{"line":255,"column":null}},"144":{"start":{"line":255,"column":15},"end":{"line":255,"column":16}},"145":{"start":{"line":255,"column":37},"end":{"line":255,"column":null}},"146":{"start":{"line":256,"column":2},"end":{"line":256,"column":null}},"147":{"start":{"line":263,"column":14},"end":{"line":263,"column":65}},"148":{"start":{"line":265,"column":4},"end":{"line":267,"column":23}},"149":{"start":{"line":268,"column":14},"end":{"line":268,"column":51}},"150":{"start":{"line":269,"column":18},"end":{"line":269,"column":20}},"151":{"start":{"line":270,"column":14},"end":{"line":270,"column":42}},"152":{"start":{"line":271,"column":16},"end":{"line":271,"column":37}},"153":{"start":{"line":273,"column":2},"end":{"line":282,"column":null}},"154":{"start":{"line":273,"column":15},"end":{"line":273,"column":16}},"155":{"start":{"line":274,"column":18},"end":{"line":274,"column":47}},"156":{"start":{"line":275,"column":14},"end":{"line":275,"column":19}},"157":{"start":{"line":276,"column":14},"end":{"line":276,"column":54}},"158":{"start":{"line":277,"column":14},"end":{"line":277,"column":52}},"159":{"start":{"line":278,"column":14},"end":{"line":278,"column":52}},"160":{"start":{"line":279,"column":14},"end":{"line":279,"column":43}},"161":{"start":{"line":280,"column":4},"end":{"line":280,"column":null}},"162":{"start":{"line":281,"column":4},"end":{"line":281,"column":null}},"163":{"start":{"line":284,"column":16},"end":{"line":284,"column":21}},"164":{"start":{"line":285,"column":2},"end":{"line":339,"column":null}},"165":{"start":{"line":286,"column":15},"end":{"line":286,"column":34}},"166":{"start":{"line":287,"column":4},"end":{"line":294,"column":null}},"167":{"start":{"line":295,"column":15},"end":{"line":295,"column":26}},"168":{"start":{"line":296,"column":15},"end":{"line":296,"column":28}},"169":{"start":{"line":297,"column":4},"end":{"line":304,"column":null}},"170":{"start":{"line":305,"column":9},"end":{"line":339,"column":null}},"171":{"start":{"line":306,"column":17},"end":{"line":306,"column":30}},"172":{"start":{"line":307,"column":4},"end":{"line":314,"column":null}},"173":{"start":{"line":315,"column":4},"end":{"line":322,"column":null}},"174":{"start":{"line":324,"column":4},"end":{"line":338,"column":null}},"175":{"start":{"line":324,"column":17},"end":{"line":324,"column":18}},"176":{"start":{"line":325,"column":16},"end":{"line":325,"column":21}},"177":{"start":{"line":326,"column":16},"end":{"line":326,"column":49}},"178":{"start":{"line":327,"column":16},"end":{"line":327,"column":53}},"179":{"start":{"line":328,"column":16},"end":{"line":328,"column":53}},"180":{"start":{"line":329,"column":6},"end":{"line":336,"column":null}},"181":{"start":{"line":337,"column":6},"end":{"line":337,"column":null}},"182":{"start":{"line":341,"column":2},"end":{"line":341,"column":null}},"183":{"start":{"line":351,"column":13},"end":{"line":351,"column":63}},"184":{"start":{"line":352,"column":22},"end":{"line":352,"column":50}},"185":{"start":{"line":353,"column":24},"end":{"line":353,"column":71}},"186":{"start":{"line":355,"column":2},"end":{"line":365,"column":null}},"187":{"start":{"line":356,"column":16},"end":{"line":356,"column":59}},"188":{"start":{"line":357,"column":4},"end":{"line":364,"column":null}},"189":{"start":{"line":367,"column":45},"end":{"line":372,"column":3}},"190":{"start":{"line":374,"column":2},"end":{"line":384,"column":null}},"191":{"start":{"line":375,"column":20},"end":{"line":375,"column":52}},"192":{"start":{"line":376,"column":4},"end":{"line":383,"column":null}},"193":{"start":{"line":386,"column":2},"end":{"line":395,"column":null}}},"fnMap":{"0":{"name":"normalizeSymbol","decl":{"start":{"line":35,"column":9},"end":{"line":35,"column":24}},"loc":{"start":{"line":35,"column":30},"end":{"line":44,"column":null}},"line":35},"1":{"name":"buildYahooUrl","decl":{"start":{"line":46,"column":9},"end":{"line":46,"column":22}},"loc":{"start":{"line":46,"column":48},"end":{"line":48,"column":null}},"line":46},"2":{"name":"buildDevProxyUrl","decl":{"start":{"line":50,"column":9},"end":{"line":50,"column":25}},"loc":{"start":{"line":50,"column":51},"end":{"line":53,"column":null}},"line":50},"3":{"name":"isViteDev","decl":{"start":{"line":55,"column":9},"end":{"line":55,"column":18}},"loc":{"start":{"line":55,"column":21},"end":{"line":61,"column":null}},"line":55},"4":{"name":"isDevSimulateRequested","decl":{"start":{"line":64,"column":9},"end":{"line":64,"column":31}},"loc":{"start":{"line":64,"column":34},"end":{"line":72,"column":null}},"line":64},"5":{"name":"isProdHttpLoopback","decl":{"start":{"line":75,"column":9},"end":{"line":75,"column":27}},"loc":{"start":{"line":75,"column":30},"end":{"line":87,"column":null}},"line":75},"6":{"name":"parseChartJson","decl":{"start":{"line":89,"column":9},"end":{"line":89,"column":23}},"loc":{"start":{"line":89,"column":30},"end":{"line":120,"column":null}},"line":89},"7":{"name":"trimTrailingFlatCandles","decl":{"start":{"line":126,"column":16},"end":{"line":126,"column":39}},"loc":{"start":{"line":126,"column":49},"end":{"line":134,"column":null}},"line":126},"8":{"name":"tryFetch","decl":{"start":{"line":136,"column":15},"end":{"line":136,"column":23}},"loc":{"start":{"line":136,"column":29},"end":{"line":140,"column":null}},"line":136},"9":{"name":"tryFetchCfWorker","decl":{"start":{"line":147,"column":15},"end":{"line":147,"column":31}},"loc":{"start":{"line":147,"column":54},"end":{"line":155,"column":null}},"line":147},"10":{"name":"tryFetchJinaReader","decl":{"start":{"line":160,"column":15},"end":{"line":160,"column":33}},"loc":{"start":{"line":160,"column":44},"end":{"line":171,"column":null}},"line":160},"11":{"name":"tryFetchFromEnvProxy","decl":{"start":{"line":174,"column":9},"end":{"line":174,"column":29}},"loc":{"start":{"line":174,"column":40},"end":{"line":186,"column":null}},"line":174},"12":{"name":"(anonymous_12)","decl":{"start":{"line":185,"column":9},"end":{"line":185,"column":10}},"loc":{"start":{"line":185,"column":15},"end":{"line":185,"column":28}},"line":185},"13":{"name":"tryFetchAllOriginsGet","decl":{"start":{"line":189,"column":15},"end":{"line":189,"column":36}},"loc":{"start":{"line":189,"column":47},"end":{"line":199,"column":null}},"line":189},"14":{"name":"fetchWithFallbacks","decl":{"start":{"line":201,"column":15},"end":{"line":201,"column":33}},"loc":{"start":{"line":201,"column":68},"end":{"line":242,"column":null}},"line":201},"15":{"name":"(anonymous_15)","decl":{"start":{"line":211,"column":20},"end":{"line":211,"column":21}},"loc":{"start":{"line":212,"column":8},"end":{"line":212,"column":null}},"line":212},"16":{"name":"(anonymous_16)","decl":{"start":{"line":218,"column":16},"end":{"line":218,"column":17}},"loc":{"start":{"line":218,"column":22},"end":{"line":218,"column":60}},"line":218},"17":{"name":"(anonymous_17)","decl":{"start":{"line":226,"column":4},"end":{"line":226,"column":5}},"loc":{"start":{"line":226,"column":10},"end":{"line":226,"column":38}},"line":226},"18":{"name":"(anonymous_18)","decl":{"start":{"line":227,"column":4},"end":{"line":227,"column":5}},"loc":{"start":{"line":227,"column":10},"end":{"line":227,"column":63}},"line":227},"19":{"name":"(anonymous_19)","decl":{"start":{"line":228,"column":4},"end":{"line":228,"column":5}},"loc":{"start":{"line":228,"column":10},"end":{"line":228,"column":41}},"line":228},"20":{"name":"seededRandom","decl":{"start":{"line":244,"column":9},"end":{"line":244,"column":21}},"loc":{"start":{"line":244,"column":28},"end":{"line":251,"column":null}},"line":244},"21":{"name":"(anonymous_21)","decl":{"start":{"line":247,"column":9},"end":{"line":247,"column":10}},"loc":{"start":{"line":247,"column":15},"end":{"line":250,"column":3}},"line":247},"22":{"name":"hashStr","decl":{"start":{"line":253,"column":9},"end":{"line":253,"column":16}},"loc":{"start":{"line":253,"column":20},"end":{"line":257,"column":null}},"line":253},"23":{"name":"generateSimulatedCandles","decl":{"start":{"line":262,"column":16},"end":{"line":262,"column":40}},"loc":{"start":{"line":262,"column":61},"end":{"line":342,"column":null}},"line":262},"24":{"name":"fetchOHLCV","decl":{"start":{"line":350,"column":22},"end":{"line":350,"column":32}},"loc":{"start":{"line":350,"column":69},"end":{"line":396,"column":null}},"line":350}},"branchMap":{"0":{"loc":{"start":{"line":36,"column":19},"end":{"line":36,"column":28}},"type":"binary-expr","locations":[{"start":{"line":36,"column":19},"end":{"line":36,"column":22}},{"start":{"line":36,"column":26},"end":{"line":36,"column":28}}],"line":36},"1":{"loc":{"start":{"line":40,"column":2},"end":{"line":40,"column":null}},"type":"if","locations":[{"start":{"line":40,"column":2},"end":{"line":40,"column":null}},{"start":{},"end":{}}],"line":40},"2":{"loc":{"start":{"line":40,"column":6},"end":{"line":40,"column":38}},"type":"binary-expr","locations":[{"start":{"line":40,"column":6},"end":{"line":40,"column":21}},{"start":{"line":40,"column":25},"end":{"line":40,"column":38}}],"line":40},"3":{"loc":{"start":{"line":41,"column":2},"end":{"line":41,"column":null}},"type":"if","locations":[{"start":{"line":41,"column":2},"end":{"line":41,"column":null}},{"start":{},"end":{}}],"line":41},"4":{"loc":{"start":{"line":42,"column":2},"end":{"line":42,"column":null}},"type":"if","locations":[{"start":{"line":42,"column":2},"end":{"line":42,"column":null}},{"start":{},"end":{}}],"line":42},"5":{"loc":{"start":{"line":57,"column":11},"end":{"line":57,"column":58}},"type":"binary-expr","locations":[{"start":{"line":57,"column":11},"end":{"line":57,"column":26}},{"start":{"line":57,"column":30},"end":{"line":57,"column":58}}],"line":57},"6":{"loc":{"start":{"line":65,"column":2},"end":{"line":65,"column":null}},"type":"if","locations":[{"start":{"line":65,"column":2},"end":{"line":65,"column":null}},{"start":{},"end":{}}],"line":65},"7":{"loc":{"start":{"line":65,"column":6},"end":{"line":65,"column":51}},"type":"binary-expr","locations":[{"start":{"line":65,"column":6},"end":{"line":65,"column":18}},{"start":{"line":65,"column":22},"end":{"line":65,"column":51}}],"line":65},"8":{"loc":{"start":{"line":68,"column":11},"end":{"line":68,"column":36}},"type":"binary-expr","locations":[{"start":{"line":68,"column":11},"end":{"line":68,"column":20}},{"start":{"line":68,"column":24},"end":{"line":68,"column":36}}],"line":68},"9":{"loc":{"start":{"line":76,"column":2},"end":{"line":76,"column":null}},"type":"if","locations":[{"start":{"line":76,"column":2},"end":{"line":76,"column":null}},{"start":{},"end":{}}],"line":76},"10":{"loc":{"start":{"line":78,"column":4},"end":{"line":78,"column":null}},"type":"if","locations":[{"start":{"line":78,"column":4},"end":{"line":78,"column":null}},{"start":{},"end":{}}],"line":78},"11":{"loc":{"start":{"line":78,"column":8},"end":{"line":78,"column":55}},"type":"binary-expr","locations":[{"start":{"line":78,"column":8},"end":{"line":78,"column":23}},{"start":{"line":78,"column":27},"end":{"line":78,"column":55}}],"line":78},"12":{"loc":{"start":{"line":79,"column":4},"end":{"line":79,"column":null}},"type":"if","locations":[{"start":{"line":79,"column":4},"end":{"line":79,"column":null}},{"start":{},"end":{}}],"line":79},"13":{"loc":{"start":{"line":79,"column":8},"end":{"line":79,"column":56}},"type":"binary-expr","locations":[{"start":{"line":79,"column":8},"end":{"line":79,"column":23}},{"start":{"line":79,"column":27},"end":{"line":79,"column":56}}],"line":79},"14":{"loc":{"start":{"line":84,"column":2},"end":{"line":84,"column":null}},"type":"if","locations":[{"start":{"line":84,"column":2},"end":{"line":84,"column":null}},{"start":{},"end":{}}],"line":84},"15":{"loc":{"start":{"line":85,"column":13},"end":{"line":85,"column":43}},"type":"binary-expr","locations":[{"start":{"line":85,"column":13},"end":{"line":85,"column":37}},{"start":{"line":85,"column":41},"end":{"line":85,"column":43}}],"line":85},"16":{"loc":{"start":{"line":86,"column":9},"end":{"line":86,"column":64}},"type":"binary-expr","locations":[{"start":{"line":86,"column":9},"end":{"line":86,"column":26}},{"start":{"line":86,"column":30},"end":{"line":86,"column":47}},{"start":{"line":86,"column":51},"end":{"line":86,"column":64}}],"line":86},"17":{"loc":{"start":{"line":91,"column":2},"end":{"line":91,"column":null}},"type":"if","locations":[{"start":{"line":91,"column":2},"end":{"line":91,"column":null}},{"start":{},"end":{}}],"line":91},"18":{"loc":{"start":{"line":92,"column":15},"end":{"line":92,"column":27}},"type":"binary-expr","locations":[{"start":{"line":92,"column":15},"end":{"line":92,"column":21}},{"start":{"line":92,"column":25},"end":{"line":92,"column":27}}],"line":92},"19":{"loc":{"start":{"line":94,"column":4},"end":{"line":94,"column":56}},"type":"binary-expr","locations":[{"start":{"line":94,"column":4},"end":{"line":94,"column":17}},{"start":{"line":94,"column":21},"end":{"line":94,"column":35}},{"start":{"line":94,"column":39},"end":{"line":94,"column":50}},{"start":{"line":94,"column":54},"end":{"line":94,"column":56}}],"line":94},"20":{"loc":{"start":{"line":97,"column":2},"end":{"line":97,"column":null}},"type":"if","locations":[{"start":{"line":97,"column":2},"end":{"line":97,"column":null}},{"start":{},"end":{}}],"line":97},"21":{"loc":{"start":{"line":97,"column":6},"end":{"line":97,"column":23}},"type":"binary-expr","locations":[{"start":{"line":97,"column":6},"end":{"line":97,"column":17}},{"start":{"line":97,"column":21},"end":{"line":97,"column":23}}],"line":97},"22":{"loc":{"start":{"line":98,"column":12},"end":{"line":98,"column":24}},"type":"binary-expr","locations":[{"start":{"line":98,"column":12},"end":{"line":98,"column":18}},{"start":{"line":98,"column":22},"end":{"line":98,"column":24}}],"line":98},"23":{"loc":{"start":{"line":99,"column":12},"end":{"line":99,"column":24}},"type":"binary-expr","locations":[{"start":{"line":99,"column":12},"end":{"line":99,"column":18}},{"start":{"line":99,"column":22},"end":{"line":99,"column":24}}],"line":99},"24":{"loc":{"start":{"line":100,"column":12},"end":{"line":100,"column":23}},"type":"binary-expr","locations":[{"start":{"line":100,"column":12},"end":{"line":100,"column":17}},{"start":{"line":100,"column":21},"end":{"line":100,"column":23}}],"line":100},"25":{"loc":{"start":{"line":101,"column":12},"end":{"line":101,"column":25}},"type":"binary-expr","locations":[{"start":{"line":101,"column":12},"end":{"line":101,"column":19}},{"start":{"line":101,"column":23},"end":{"line":101,"column":25}}],"line":101},"26":{"loc":{"start":{"line":102,"column":12},"end":{"line":102,"column":26}},"type":"binary-expr","locations":[{"start":{"line":102,"column":12},"end":{"line":102,"column":20}},{"start":{"line":102,"column":24},"end":{"line":102,"column":26}}],"line":102},"27":{"loc":{"start":{"line":109,"column":4},"end":{"line":109,"column":null}},"type":"if","locations":[{"start":{"line":109,"column":4},"end":{"line":109,"column":null}},{"start":{},"end":{}}],"line":109},"28":{"loc":{"start":{"line":109,"column":8},"end":{"line":109,"column":68}},"type":"binary-expr","locations":[{"start":{"line":109,"column":8},"end":{"line":109,"column":20}},{"start":{"line":109,"column":24},"end":{"line":109,"column":36}},{"start":{"line":109,"column":40},"end":{"line":109,"column":51}},{"start":{"line":109,"column":55},"end":{"line":109,"column":68}}],"line":109},"29":{"loc":{"start":{"line":116,"column":9},"end":{"line":116,"column":32}},"type":"cond-expr","locations":[{"start":{"line":116,"column":24},"end":{"line":116,"column":28}},{"start":{"line":116,"column":31},"end":{"line":116,"column":32}}],"line":116},"30":{"loc":{"start":{"line":119,"column":9},"end":{"line":119,"column":57}},"type":"cond-expr","locations":[{"start":{"line":119,"column":26},"end":{"line":119,"column":50}},{"start":{"line":119,"column":53},"end":{"line":119,"column":57}}],"line":119},"31":{"loc":{"start":{"line":127,"column":2},"end":{"line":127,"column":null}},"type":"if","locations":[{"start":{"line":127,"column":2},"end":{"line":127,"column":null}},{"start":{},"end":{}}],"line":127},"32":{"loc":{"start":{"line":130,"column":9},"end":{"line":130,"column":88}},"type":"binary-expr","locations":[{"start":{"line":130,"column":9},"end":{"line":130,"column":23}},{"start":{"line":130,"column":27},"end":{"line":130,"column":88}}],"line":130},"33":{"loc":{"start":{"line":138,"column":2},"end":{"line":138,"column":null}},"type":"if","locations":[{"start":{"line":138,"column":2},"end":{"line":138,"column":null}},{"start":{},"end":{}}],"line":138},"34":{"loc":{"start":{"line":148,"column":2},"end":{"line":148,"column":null}},"type":"if","locations":[{"start":{"line":148,"column":2},"end":{"line":148,"column":null}},{"start":{},"end":{}}],"line":148},"35":{"loc":{"start":{"line":151,"column":2},"end":{"line":151,"column":null}},"type":"if","locations":[{"start":{"line":151,"column":2},"end":{"line":151,"column":null}},{"start":{},"end":{}}],"line":151},"36":{"loc":{"start":{"line":153,"column":2},"end":{"line":153,"column":null}},"type":"if","locations":[{"start":{"line":153,"column":2},"end":{"line":153,"column":null}},{"start":{},"end":{}}],"line":153},"37":{"loc":{"start":{"line":163,"column":2},"end":{"line":163,"column":null}},"type":"if","locations":[{"start":{"line":163,"column":2},"end":{"line":163,"column":null}},{"start":{},"end":{}}],"line":163},"38":{"loc":{"start":{"line":167,"column":17},"end":{"line":167,"column":62}},"type":"cond-expr","locations":[{"start":{"line":167,"column":26},"end":{"line":167,"column":55}},{"start":{"line":167,"column":58},"end":{"line":167,"column":62}}],"line":167},"39":{"loc":{"start":{"line":169,"column":2},"end":{"line":169,"column":null}},"type":"if","locations":[{"start":{"line":169,"column":2},"end":{"line":169,"column":null}},{"start":{},"end":{}}],"line":169},"40":{"loc":{"start":{"line":177,"column":11},"end":{"line":177,"column":71}},"type":"binary-expr","locations":[{"start":{"line":177,"column":11},"end":{"line":177,"column":26}},{"start":{"line":177,"column":30},"end":{"line":177,"column":71}}],"line":177},"41":{"loc":{"start":{"line":181,"column":9},"end":{"line":181,"column":52}},"type":"cond-expr","locations":[{"start":{"line":181,"column":36},"end":{"line":181,"column":47}},{"start":{"line":181,"column":50},"end":{"line":181,"column":52}}],"line":181},"42":{"loc":{"start":{"line":182,"column":2},"end":{"line":182,"column":null}},"type":"if","locations":[{"start":{"line":182,"column":2},"end":{"line":182,"column":null}},{"start":{},"end":{}}],"line":182},"43":{"loc":{"start":{"line":184,"column":14},"end":{"line":184,"column":77}},"type":"cond-expr","locations":[{"start":{"line":184,"column":36},"end":{"line":184,"column":59}},{"start":{"line":184,"column":62},"end":{"line":184,"column":77}}],"line":184},"44":{"loc":{"start":{"line":195,"column":2},"end":{"line":195,"column":null}},"type":"if","locations":[{"start":{"line":195,"column":2},"end":{"line":195,"column":null}},{"start":{},"end":{}}],"line":195},"45":{"loc":{"start":{"line":197,"column":2},"end":{"line":197,"column":null}},"type":"if","locations":[{"start":{"line":197,"column":2},"end":{"line":197,"column":null}},{"start":{},"end":{}}],"line":197},"46":{"loc":{"start":{"line":197,"column":6},"end":{"line":197,"column":51}},"type":"binary-expr","locations":[{"start":{"line":197,"column":6},"end":{"line":197,"column":27}},{"start":{"line":197,"column":31},"end":{"line":197,"column":51}}],"line":197},"47":{"loc":{"start":{"line":198,"column":20},"end":{"line":198,"column":93}},"type":"cond-expr","locations":[{"start":{"line":198,"column":56},"end":{"line":198,"column":69}},{"start":{"line":198,"column":72},"end":{"line":198,"column":93}}],"line":198},"48":{"loc":{"start":{"line":209,"column":2},"end":{"line":215,"column":null}},"type":"if","locations":[{"start":{"line":209,"column":2},"end":{"line":215,"column":null}},{"start":{},"end":{}}],"line":209},"49":{"loc":{"start":{"line":210,"column":4},"end":{"line":214,"column":null}},"type":"if","locations":[{"start":{"line":210,"column":4},"end":{"line":214,"column":null}},{"start":{},"end":{}}],"line":210},"50":{"loc":{"start":{"line":210,"column":8},"end":{"line":210,"column":43}},"type":"binary-expr","locations":[{"start":{"line":210,"column":8},"end":{"line":210,"column":19}},{"start":{"line":210,"column":23},"end":{"line":210,"column":43}}],"line":210},"51":{"loc":{"start":{"line":222,"column":2},"end":{"line":222,"column":null}},"type":"if","locations":[{"start":{"line":222,"column":2},"end":{"line":222,"column":null}},{"start":{},"end":{}}],"line":222},"52":{"loc":{"start":{"line":235,"column":6},"end":{"line":236,"column":null}},"type":"if","locations":[{"start":{"line":235,"column":6},"end":{"line":236,"column":null}},{"start":{},"end":{}}],"line":235},"53":{"loc":{"start":{"line":246,"column":2},"end":{"line":246,"column":null}},"type":"if","locations":[{"start":{"line":246,"column":2},"end":{"line":246,"column":null}},{"start":{},"end":{}}],"line":246},"54":{"loc":{"start":{"line":262,"column":49},"end":{"line":262,"column":59}},"type":"default-arg","locations":[{"start":{"line":262,"column":57},"end":{"line":262,"column":59}}],"line":262},"55":{"loc":{"start":{"line":263,"column":14},"end":{"line":263,"column":65}},"type":"binary-expr","locations":[{"start":{"line":263,"column":14},"end":{"line":263,"column":58}},{"start":{"line":263,"column":62},"end":{"line":263,"column":65}}],"line":263},"56":{"loc":{"start":{"line":265,"column":4},"end":{"line":267,"column":23}},"type":"binary-expr","locations":[{"start":{"line":265,"column":4},"end":{"line":265,"column":20}},{"start":{"line":266,"column":4},"end":{"line":266,"column":34}},{"start":{"line":267,"column":4},"end":{"line":267,"column":23}}],"line":265},"57":{"loc":{"start":{"line":285,"column":2},"end":{"line":339,"column":null}},"type":"if","locations":[{"start":{"line":285,"column":2},"end":{"line":339,"column":null}},{"start":{"line":305,"column":9},"end":{"line":339,"column":null}}],"line":285},"58":{"loc":{"start":{"line":305,"column":9},"end":{"line":339,"column":null}},"type":"if","locations":[{"start":{"line":305,"column":9},"end":{"line":339,"column":null}},{"start":{"line":323,"column":9},"end":{"line":339,"column":null}}],"line":305},"59":{"loc":{"start":{"line":351,"column":13},"end":{"line":351,"column":63}},"type":"binary-expr","locations":[{"start":{"line":351,"column":13},"end":{"line":351,"column":40}},{"start":{"line":351,"column":44},"end":{"line":351,"column":63}}],"line":351},"60":{"loc":{"start":{"line":353,"column":24},"end":{"line":353,"column":71}},"type":"binary-expr","locations":[{"start":{"line":353,"column":24},"end":{"line":353,"column":56}},{"start":{"line":353,"column":60},"end":{"line":353,"column":71}}],"line":353},"61":{"loc":{"start":{"line":355,"column":2},"end":{"line":365,"column":null}},"type":"if","locations":[{"start":{"line":355,"column":2},"end":{"line":365,"column":null}},{"start":{},"end":{}}],"line":355},"62":{"loc":{"start":{"line":374,"column":2},"end":{"line":384,"column":null}},"type":"if","locations":[{"start":{"line":374,"column":2},"end":{"line":384,"column":null}},{"start":{},"end":{}}],"line":374},"63":{"loc":{"start":{"line":382,"column":19},"end":{"line":382,"column":38}},"type":"binary-expr","locations":[{"start":{"line":382,"column":19},"end":{"line":382,"column":21}},{"start":{"line":382,"column":25},"end":{"line":382,"column":38}}],"line":382}},"s":{"0":1,"1":1,"2":1,"3":21,"4":21,"5":2,"6":19,"7":1,"8":18,"9":2,"10":16,"11":8,"12":0,"13":0,"14":8,"15":8,"16":0,"17":8,"18":8,"19":0,"20":0,"21":0,"22":0,"23":0,"24":0,"25":0,"26":0,"27":0,"28":0,"29":0,"30":0,"31":0,"32":0,"33":0,"34":0,"35":0,"36":16,"37":16,"38":6,"39":10,"40":16,"41":16,"42":16,"43":16,"44":1,"45":9,"46":16,"47":16,"48":16,"49":16,"50":16,"51":16,"52":16,"53":28,"54":28,"55":28,"56":28,"57":28,"58":1,"59":27,"60":9,"61":11,"62":3,"63":8,"64":8,"65":8,"66":11,"67":8,"68":5,"69":3,"70":3,"71":2,"72":8,"73":0,"74":8,"75":8,"76":8,"77":0,"78":8,"79":5,"80":5,"81":4,"82":5,"83":5,"84":3,"85":3,"86":2,"87":0,"88":0,"89":0,"90":5,"91":5,"92":0,"93":0,"94":8,"95":8,"96":0,"97":8,"98":8,"99":8,"100":0,"101":0,"102":8,"103":0,"104":4,"105":4,"106":2,"107":2,"108":1,"109":1,"110":1,"111":0,"112":8,"113":8,"114":8,"115":8,"116":8,"117":0,"118":0,"119":0,"120":8,"121":8,"122":8,"123":8,"124":0,"125":8,"126":5,"127":5,"128":4,"129":8,"130":22,"131":22,"132":6,"133":6,"134":4,"135":4,"136":7,"137":7,"138":0,"139":7,"140":1044,"141":1044,"142":7,"143":7,"144":7,"145":53,"146":7,"147":7,"148":7,"149":7,"150":7,"151":7,"152":7,"153":7,"154":7,"155":185,"156":185,"157":185,"158":185,"159":185,"160":185,"161":185,"162":185,"163":7,"164":7,"165":0,"166":0,"167":0,"168":0,"169":0,"170":7,"171":0,"172":0,"173":0,"174":7,"175":7,"176":35,"177":35,"178":35,"179":35,"180":35,"181":35,"182":7,"183":8,"184":8,"185":8,"186":8,"187":0,"188":0,"189":8,"190":8,"191":4,"192":4,"193":4},"f":{"0":21,"1":8,"2":0,"3":8,"4":8,"5":0,"6":16,"7":11,"8":5,"9":8,"10":5,"11":8,"12":0,"13":4,"14":8,"15":0,"16":8,"17":5,"18":5,"19":4,"20":7,"21":1044,"22":7,"23":7,"24":8},"b":{"0":[21,3],"1":[2,19],"2":[21,20],"3":[1,18],"4":[2,16],"5":[8,8],"6":[8,0],"7":[8,8],"8":[0,0],"9":[0,0],"10":[0,0],"11":[0,0],"12":[0,0],"13":[0,0],"14":[0,0],"15":[0,0],"16":[0,0,0],"17":[6,10],"18":[10,0],"19":[16,4,3,3],"20":[1,15],"21":[16,9],"22":[9,0],"23":[16,0],"24":[16,0],"25":[16,0],"26":[16,0],"27":[1,27],"28":[28,27,27,27],"29":[26,1],"30":[9,0],"31":[3,8],"32":[8,15],"33":[1,2],"34":[0,8],"35":[0,8],"36":[1,4],"37":[1,2],"38":[0,0],"39":[0,5],"40":[8,8],"41":[0,8],"42":[8,0],"43":[0,0],"44":[1,1],"45":[1,0],"46":[1,0],"47":[0,0],"48":[0,8],"49":[0,0],"50":[0,0],"51":[0,8],"52":[4,2],"53":[0,7],"54":[7],"55":[7,0],"56":[7,1,1],"57":[0,7],"58":[0,7],"59":[8,1],"60":[8,0],"61":[0,8],"62":[4,4],"63":[4,0]},"meta":{"lastBranch":64,"lastFunction":25,"lastStatement":194,"seen":{"s:8:20:18:1":0,"s:20:29:27:1":1,"s:33:29:33:79":2,"f:35:9:35:24":0,"s:36:12:39:26":3,"b:36:19:36:22:36:26:36:28":0,"b:40:2:40:Infinity:undefined:undefined:undefined:undefined":1,"s:40:2:40:Infinity":4,"b:40:6:40:21:40:25:40:38":2,"s:40:40:40:Infinity":5,"b:41:2:41:Infinity:undefined:undefined:undefined:undefined":3,"s:41:2:41:Infinity":6,"s:41:25:41:Infinity":7,"b:42:2:42:Infinity:undefined:undefined:undefined:undefined":4,"s:42:2:42:Infinity":8,"s:42:25:42:Infinity":9,"s:43:2:43:Infinity":10,"f:46:9:46:22":1,"s:47:2:47:Infinity":11,"f:50:9:50:25":2,"s:51:15:51:100":12,"s:52:2:52:Infinity":13,"f:55:9:55:18":3,"s:56:2:60:Infinity":14,"s:57:4:57:Infinity":15,"b:57:11:57:26:57:30:57:58":5,"s:59:4:59:Infinity":16,"f:64:9:64:31":4,"b:65:2:65:Infinity:undefined:undefined:undefined:undefined":6,"s:65:2:65:Infinity":17,"b:65:6:65:18:65:22:65:51":7,"s:65:53:65:Infinity":18,"s:66:2:71:Infinity":19,"s:67:14:67:73":20,"s:68:4:68:Infinity":21,"b:68:11:68:20:68:24:68:36":8,"s:70:4:70:Infinity":22,"f:75:9:75:27":5,"b:76:2:76:Infinity:undefined:undefined:undefined:undefined":9,"s:76:2:76:Infinity":23,"s:76:37:76:Infinity":24,"s:77:2:82:Infinity":25,"b:78:4:78:Infinity:undefined:undefined:undefined:undefined":10,"s:78:4:78:Infinity":26,"b:78:8:78:23:78:27:78:55":11,"s:78:57:78:Infinity":27,"b:79:4:79:Infinity:undefined:undefined:undefined:undefined":12,"s:79:4:79:Infinity":28,"b:79:8:79:23:79:27:79:56":13,"s:79:58:79:Infinity":29,"s:81:4:81:Infinity":30,"s:83:12:83:36":31,"b:84:2:84:Infinity:undefined:undefined:undefined:undefined":14,"s:84:2:84:Infinity":32,"s:84:21:84:Infinity":33,"s:85:12:85:58":34,"b:85:13:85:37:85:41:85:43":15,"s:86:2:86:Infinity":35,"b:86:9:86:26:86:30:86:47:86:51:86:64":16,"f:89:9:89:23":6,"s:90:12:90:36":36,"b:91:2:91:Infinity:undefined:undefined:undefined:undefined":17,"s:91:2:91:Infinity":37,"s:91:10:91:Infinity":38,"s:92:15:92:27":39,"b:92:15:92:21:92:25:92:27":18,"s:94:4:94:56":40,"b:94:4:94:17:94:21:94:35:94:39:94:50:94:54:94:56":19,"s:95:13:95:24":41,"s:96:12:96:36":42,"b:97:2:97:Infinity:undefined:undefined:undefined:undefined":20,"s:97:2:97:Infinity":43,"b:97:6:97:17:97:21:97:23":21,"s:97:25:97:Infinity":44,"s:98:12:98:24":45,"b:98:12:98:18:98:22:98:24":22,"s:99:12:99:24":46,"b:99:12:99:18:99:22:99:24":23,"s:100:12:100:23":47,"b:100:12:100:17:100:21:100:23":24,"s:101:12:101:25":48,"b:101:12:101:19:101:23:101:25":25,"s:102:12:102:26":49,"b:102:12:102:20:102:24:102:26":26,"s:103:18:103:20":50,"s:104:2:118:Infinity":51,"s:104:15:104:16":52,"s:105:17:105:21":53,"s:106:17:106:21":54,"s:107:16:107:20":55,"s:108:18:108:22":56,"b:109:4:109:Infinity:undefined:undefined:undefined:undefined":27,"s:109:4:109:Infinity":57,"b:109:8:109:20:109:24:109:36:109:40:109:51:109:55:109:68":28,"s:109:70:109:Infinity":58,"s:110:4:117:Infinity":59,"b:116:24:116:28:116:31:116:32":29,"s:119:2:119:Infinity":60,"b:119:26:119:50:119:53:119:57":30,"f:126:16:126:39":7,"b:127:2:127:Infinity:undefined:undefined:undefined:undefined":31,"s:127:2:127:Infinity":61,"s:127:24:127:Infinity":62,"s:128:14:128:29":63,"s:129:14:129:18":64,"s:130:2:132:Infinity":65,"b:130:9:130:23:130:27:130:88":32,"s:131:4:131:Infinity":66,"s:133:2:133:Infinity":67,"f:136:15:136:23":8,"s:137:14:137:53":68,"b:138:2:138:Infinity:undefined:undefined:undefined:undefined":33,"s:138:2:138:Infinity":69,"s:138:15:138:Infinity":70,"s:139:2:139:Infinity":71,"f:147:15:147:31":9,"b:148:2:148:Infinity:undefined:undefined:undefined:undefined":34,"s:148:2:148:Infinity":72,"s:148:22:148:Infinity":73,"s:149:14:149:68":74,"s:150:18:150:20":75,"b:151:2:151:Infinity:undefined:undefined:undefined:undefined":35,"s:151:2:151:Infinity":76,"s:151:18:151:Infinity":77,"s:152:14:152:62":78,"b:153:2:153:Infinity:undefined:undefined:undefined:undefined":36,"s:153:2:153:Infinity":79,"s:153:15:153:Infinity":80,"s:154:2:154:Infinity":81,"f:160:15:160:33":10,"s:161:19:161:50":82,"s:162:14:162:58":83,"b:163:2:163:Infinity:undefined:undefined:undefined:undefined":37,"s:163:2:163:Infinity":84,"s:163:15:163:Infinity":85,"s:164:15:164:31":86,"s:165:17:165:36":87,"s:166:12:166:32":88,"s:167:16:167:70":89,"b:167:26:167:55:167:58:167:62":38,"s:168:12:168:30":90,"b:169:2:169:Infinity:undefined:undefined:undefined:undefined":39,"s:169:2:169:Infinity":91,"s:169:16:169:Infinity":92,"s:170:2:170:Infinity":93,"f:174:9:174:29":11,"s:176:2:180:Infinity":94,"s:177:4:177:Infinity":95,"b:177:11:177:26:177:30:177:71":40,"s:179:4:179:Infinity":96,"s:181:2:181:Infinity":97,"b:181:36:181:47:181:50:181:52":41,"b:182:2:182:Infinity:undefined:undefined:undefined:undefined":42,"s:182:2:182:Infinity":98,"s:182:13:182:Infinity":99,"s:183:14:183:42":100,"s:184:14:184:77":101,"b:184:36:184:59:184:62:184:77":43,"s:185:2:185:Infinity":102,"f:185:9:185:10":12,"s:185:15:185:28":103,"f:189:15:189:36":13,"s:190:14:190:42":104,"s:191:14:194:3":105,"b:195:2:195:Infinity:undefined:undefined:undefined:undefined":44,"s:195:2:195:Infinity":106,"s:195:15:195:Infinity":107,"s:196:15:196:31":108,"b:197:2:197:Infinity:undefined:undefined:undefined:undefined":45,"s:197:2:197:Infinity":109,"b:197:6:197:27:197:31:197:51":46,"s:197:53:197:Infinity":110,"s:198:2:198:Infinity":111,"b:198:56:198:69:198:72:198:93":47,"f:201:15:201:33":14,"s:202:19:202:57":112,"s:203:14:203:42":113,"s:204:21:204:40":114,"s:206:19:206:21":115,"b:209:2:215:Infinity:undefined:undefined:undefined:undefined":48,"s:209:2:215:Infinity":116,"b:210:4:214:Infinity:undefined:undefined:undefined:undefined":49,"s:210:4:214:Infinity":117,"b:210:8:210:19:210:23:210:43":50,"s:211:6:213:Infinity":118,"f:211:20:211:21":15,"s:212:8:212:Infinity":119,"s:218:2:218:Infinity":120,"f:218:16:218:17":16,"s:218:22:218:60":121,"s:221:19:221:49":122,"b:222:2:222:Infinity:undefined:undefined:undefined:undefined":51,"s:222:2:222:Infinity":123,"s:222:16:222:Infinity":124,"s:225:2:229:Infinity":125,"f:226:4:226:5":17,"s:226:10:226:38":126,"f:227:4:227:5":18,"s:227:10:227:63":127,"f:228:4:228:5":19,"s:228:10:228:41":128,"s:231:2:240:Infinity":129,"s:232:4:239:Infinity":130,"s:233:19:233:30":131,"s:234:21:234:41":132,"b:235:6:236:Infinity:undefined:undefined:undefined:undefined":52,"s:235:6:236:Infinity":133,"s:236:8:236:Infinity":134,"s:241:2:241:Infinity":135,"f:244:9:244:21":20,"s:245:10:245:27":136,"b:246:2:246:Infinity:undefined:undefined:undefined:undefined":53,"s:246:2:246:Infinity":137,"s:246:14:246:Infinity":138,"s:247:2:250:Infinity":139,"f:247:9:247:10":21,"s:248:4:248:Infinity":140,"s:249:4:249:Infinity":141,"f:253:9:253:16":22,"s:254:10:254:11":142,"s:255:2:255:Infinity":143,"s:255:15:255:16":144,"s:255:37:255:Infinity":145,"s:256:2:256:Infinity":146,"f:262:16:262:40":23,"b:262:57:262:59":54,"s:263:14:263:65":147,"b:263:14:263:58:263:62:263:65":55,"s:265:4:267:23":148,"b:265:4:265:20:266:4:266:34:267:4:267:23":56,"s:268:14:268:51":149,"s:269:18:269:20":150,"s:270:14:270:42":151,"s:271:16:271:37":152,"s:273:2:282:Infinity":153,"s:273:15:273:16":154,"s:274:18:274:47":155,"s:275:14:275:19":156,"s:276:14:276:54":157,"s:277:14:277:52":158,"s:278:14:278:52":159,"s:279:14:279:43":160,"s:280:4:280:Infinity":161,"s:281:4:281:Infinity":162,"s:284:16:284:21":163,"b:285:2:339:Infinity:305:9:339:Infinity":57,"s:285:2:339:Infinity":164,"s:286:15:286:34":165,"s:287:4:294:Infinity":166,"s:295:15:295:26":167,"s:296:15:296:28":168,"s:297:4:304:Infinity":169,"b:305:9:339:Infinity:323:9:339:Infinity":58,"s:305:9:339:Infinity":170,"s:306:17:306:30":171,"s:307:4:314:Infinity":172,"s:315:4:322:Infinity":173,"s:324:4:338:Infinity":174,"s:324:17:324:18":175,"s:325:16:325:21":176,"s:326:16:326:49":177,"s:327:16:327:53":178,"s:328:16:328:53":179,"s:329:6:336:Infinity":180,"s:337:6:337:Infinity":181,"s:341:2:341:Infinity":182,"f:350:22:350:32":24,"s:351:13:351:63":183,"b:351:13:351:40:351:44:351:63":59,"s:352:22:352:50":184,"s:353:24:353:71":185,"b:353:24:353:56:353:60:353:71":60,"b:355:2:365:Infinity:undefined:undefined:undefined:undefined":61,"s:355:2:365:Infinity":186,"s:356:16:356:59":187,"s:357:4:364:Infinity":188,"s:367:45:372:3":189,"b:374:2:384:Infinity:undefined:undefined:undefined:undefined":62,"s:374:2:384:Infinity":190,"s:375:20:375:52":191,"s:376:4:383:Infinity":192,"b:382:19:382:21:382:25:382:38":63,"s:386:2:395:Infinity":193}}}
,"/Users/utkarshupadhyay/projects_personal/candlescan/src/engine/liquidityBox.js": {"path":"/Users/utkarshupadhyay/projects_personal/candlescan/src/engine/liquidityBox.js","statementMap":{"0":{"start":{"line":11,"column":2},"end":{"line":11,"column":null}},"1":{"start":{"line":11,"column":23},"end":{"line":11,"column":null}},"2":{"start":{"line":12,"column":2},"end":{"line":12,"column":null}},"3":{"start":{"line":12,"column":34},"end":{"line":12,"column":49}},"4":{"start":{"line":16,"column":2},"end":{"line":16,"column":null}},"5":{"start":{"line":16,"column":23},"end":{"line":16,"column":null}},"6":{"start":{"line":17,"column":2},"end":{"line":17,"column":null}},"7":{"start":{"line":17,"column":34},"end":{"line":17,"column":48}},"8":{"start":{"line":21,"column":2},"end":{"line":21,"column":null}},"9":{"start":{"line":21,"column":26},"end":{"line":21,"column":null}},"10":{"start":{"line":22,"column":12},"end":{"line":22,"column":43}},"11":{"start":{"line":23,"column":10},"end":{"line":23,"column":11}},"12":{"start":{"line":24,"column":2},"end":{"line":28,"column":null}},"13":{"start":{"line":24,"column":15},"end":{"line":24,"column":33}},"14":{"start":{"line":25,"column":14},"end":{"line":25,"column":24}},"15":{"start":{"line":26,"column":14},"end":{"line":26,"column":28}},"16":{"start":{"line":27,"column":4},"end":{"line":27,"column":null}},"17":{"start":{"line":29,"column":2},"end":{"line":29,"column":null}},"18":{"start":{"line":34,"column":2},"end":{"line":34,"column":null}},"19":{"start":{"line":34,"column":39},"end":{"line":34,"column":null}},"20":{"start":{"line":36,"column":19},"end":{"line":36,"column":51}},"21":{"start":{"line":37,"column":14},"end":{"line":37,"column":37}},"22":{"start":{"line":38,"column":13},"end":{"line":38,"column":26}},"23":{"start":{"line":39,"column":16},"end":{"line":39,"column":32}},"24":{"start":{"line":40,"column":2},"end":{"line":40,"column":null}},"25":{"start":{"line":40,"column":29},"end":{"line":40,"column":null}},"26":{"start":{"line":42,"column":13},"end":{"line":42,"column":17}},"27":{"start":{"line":44,"column":2},"end":{"line":72,"column":null}},"28":{"start":{"line":44,"column":17},"end":{"line":44,"column":18}},"29":{"start":{"line":45,"column":4},"end":{"line":71,"column":null}},"30":{"start":{"line":45,"column":17},"end":{"line":45,"column":33}},"31":{"start":{"line":46,"column":18},"end":{"line":46,"column":39}},"32":{"start":{"line":47,"column":17},"end":{"line":47,"column":49}},"33":{"start":{"line":47,"column":44},"end":{"line":47,"column":47}},"34":{"start":{"line":48,"column":17},"end":{"line":48,"column":49}},"35":{"start":{"line":48,"column":44},"end":{"line":48,"column":47}},"36":{"start":{"line":49,"column":19},"end":{"line":49,"column":26}},"37":{"start":{"line":52,"column":6},"end":{"line":52,"column":null}},"38":{"start":{"line":52,"column":31},"end":{"line":52,"column":null}},"39":{"start":{"line":53,"column":6},"end":{"line":53,"column":null}},"40":{"start":{"line":53,"column":21},"end":{"line":53,"column":null}},"41":{"start":{"line":56,"column":21},"end":{"line":56,"column":35}},"42":{"start":{"line":57,"column":29},"end":{"line":57,"column":49}},"43":{"start":{"line":58,"column":24},"end":{"line":58,"column":52}},"44":{"start":{"line":59,"column":22},"end":{"line":59,"column":75}},"45":{"start":{"line":60,"column":26},"end":{"line":60,"column":60}},"46":{"start":{"line":63,"column":24},"end":{"line":63,"column":46}},"47":{"start":{"line":64,"column":23},"end":{"line":64,"column":41}},"48":{"start":{"line":65,"column":23},"end":{"line":65,"column":87}},"49":{"start":{"line":66,"column":20},"end":{"line":66,"column":57}},"50":{"start":{"line":68,"column":6},"end":{"line":70,"column":null}},"51":{"start":{"line":69,"column":8},"end":{"line":69,"column":null}},"52":{"start":{"line":74,"column":2},"end":{"line":74,"column":null}},"53":{"start":{"line":74,"column":13},"end":{"line":74,"column":null}},"54":{"start":{"line":76,"column":61},"end":{"line":76,"column":65}},"55":{"start":{"line":77,"column":13},"end":{"line":77,"column":24}},"56":{"start":{"line":78,"column":14},"end":{"line":78,"column":41}},"57":{"start":{"line":81,"column":19},"end":{"line":81,"column":36}},"58":{"start":{"line":82,"column":17},"end":{"line":82,"column":40}},"59":{"start":{"line":85,"column":18},"end":{"line":85,"column":114}},"60":{"start":{"line":88,"column":17},"end":{"line":88,"column":23}},"61":{"start":{"line":89,"column":25},"end":{"line":89,"column":26}},"62":{"start":{"line":90,"column":2},"end":{"line":96,"column":null}},"63":{"start":{"line":91,"column":4},"end":{"line":91,"column":null}},"64":{"start":{"line":92,"column":4},"end":{"line":92,"column":null}},"65":{"start":{"line":93,"column":9},"end":{"line":96,"column":null}},"66":{"start":{"line":94,"column":4},"end":{"line":94,"column":null}},"67":{"start":{"line":95,"column":4},"end":{"line":95,"column":null}},"68":{"start":{"line":99,"column":13},"end":{"line":99,"column":19}},"69":{"start":{"line":100,"column":18},"end":{"line":100,"column":19}},"70":{"start":{"line":101,"column":2},"end":{"line":111,"column":null}},"71":{"start":{"line":102,"column":4},"end":{"line":110,"column":null}},"72":{"start":{"line":103,"column":6},"end":{"line":103,"column":null}},"73":{"start":{"line":104,"column":6},"end":{"line":105,"column":null}},"74":{"start":{"line":104,"column":27},"end":{"line":104,"column":null}},"75":{"start":{"line":105,"column":11},"end":{"line":105,"column":null}},"76":{"start":{"line":106,"column":11},"end":{"line":110,"column":null}},"77":{"start":{"line":107,"column":6},"end":{"line":107,"column":null}},"78":{"start":{"line":108,"column":6},"end":{"line":109,"column":null}},"79":{"start":{"line":108,"column":27},"end":{"line":108,"column":null}},"80":{"start":{"line":109,"column":11},"end":{"line":109,"column":null}},"81":{"start":{"line":113,"column":2},"end":{"line":127,"column":null}}},"fnMap":{"0":{"name":"avgRange","decl":{"start":{"line":10,"column":9},"end":{"line":10,"column":17}},"loc":{"start":{"line":10,"column":27},"end":{"line":13,"column":null}},"line":10},"1":{"name":"(anonymous_1)","decl":{"start":{"line":12,"column":24},"end":{"line":12,"column":25}},"loc":{"start":{"line":12,"column":34},"end":{"line":12,"column":49}},"line":12},"2":{"name":"avgVolume","decl":{"start":{"line":15,"column":9},"end":{"line":15,"column":18}},"loc":{"start":{"line":15,"column":28},"end":{"line":18,"column":null}},"line":15},"3":{"name":"(anonymous_3)","decl":{"start":{"line":17,"column":24},"end":{"line":17,"column":25}},"loc":{"start":{"line":17,"column":34},"end":{"line":17,"column":48}},"line":17},"4":{"name":"atr","decl":{"start":{"line":20,"column":9},"end":{"line":20,"column":12}},"loc":{"start":{"line":20,"column":25},"end":{"line":30,"column":null}},"line":20},"5":{"name":"detectLiquidityBox","decl":{"start":{"line":33,"column":16},"end":{"line":33,"column":34}},"loc":{"start":{"line":33,"column":44},"end":{"line":128,"column":null}},"line":33},"6":{"name":"(anonymous_6)","decl":{"start":{"line":47,"column":37},"end":{"line":47,"column":38}},"loc":{"start":{"line":47,"column":44},"end":{"line":47,"column":47}},"line":47},"7":{"name":"(anonymous_7)","decl":{"start":{"line":48,"column":37},"end":{"line":48,"column":38}},"loc":{"start":{"line":48,"column":44},"end":{"line":48,"column":47}},"line":48}},"branchMap":{"0":{"loc":{"start":{"line":11,"column":2},"end":{"line":11,"column":null}},"type":"if","locations":[{"start":{"line":11,"column":2},"end":{"line":11,"column":null}},{"start":{},"end":{}}],"line":11},"1":{"loc":{"start":{"line":16,"column":2},"end":{"line":16,"column":null}},"type":"if","locations":[{"start":{"line":16,"column":2},"end":{"line":16,"column":null}},{"start":{},"end":{}}],"line":16},"2":{"loc":{"start":{"line":17,"column":39},"end":{"line":17,"column":47}},"type":"binary-expr","locations":[{"start":{"line":17,"column":39},"end":{"line":17,"column":42}},{"start":{"line":17,"column":46},"end":{"line":17,"column":47}}],"line":17},"3":{"loc":{"start":{"line":21,"column":2},"end":{"line":21,"column":null}},"type":"if","locations":[{"start":{"line":21,"column":2},"end":{"line":21,"column":null}},{"start":{},"end":{}}],"line":21},"4":{"loc":{"start":{"line":34,"column":2},"end":{"line":34,"column":null}},"type":"if","locations":[{"start":{"line":34,"column":2},"end":{"line":34,"column":null}},{"start":{},"end":{}}],"line":34},"5":{"loc":{"start":{"line":34,"column":6},"end":{"line":34,"column":37}},"type":"binary-expr","locations":[{"start":{"line":34,"column":6},"end":{"line":34,"column":14}},{"start":{"line":34,"column":18},"end":{"line":34,"column":37}}],"line":34},"6":{"loc":{"start":{"line":40,"column":2},"end":{"line":40,"column":null}},"type":"if","locations":[{"start":{"line":40,"column":2},"end":{"line":40,"column":null}},{"start":{},"end":{}}],"line":40},"7":{"loc":{"start":{"line":40,"column":6},"end":{"line":40,"column":27}},"type":"binary-expr","locations":[{"start":{"line":40,"column":6},"end":{"line":40,"column":13}},{"start":{"line":40,"column":17},"end":{"line":40,"column":27}}],"line":40},"8":{"loc":{"start":{"line":52,"column":6},"end":{"line":52,"column":null}},"type":"if","locations":[{"start":{"line":52,"column":6},"end":{"line":52,"column":null}},{"start":{},"end":{}}],"line":52},"9":{"loc":{"start":{"line":53,"column":6},"end":{"line":53,"column":null}},"type":"if","locations":[{"start":{"line":53,"column":6},"end":{"line":53,"column":null}},{"start":{},"end":{}}],"line":53},"10":{"loc":{"start":{"line":59,"column":22},"end":{"line":59,"column":75}},"type":"cond-expr","locations":[{"start":{"line":59,"column":46},"end":{"line":59,"column":66}},{"start":{"line":59,"column":69},"end":{"line":59,"column":75}}],"line":59},"11":{"loc":{"start":{"line":60,"column":26},"end":{"line":60,"column":60}},"type":"cond-expr","locations":[{"start":{"line":60,"column":40},"end":{"line":60,"column":56}},{"start":{"line":60,"column":59},"end":{"line":60,"column":60}}],"line":60},"12":{"loc":{"start":{"line":65,"column":23},"end":{"line":65,"column":87}},"type":"cond-expr","locations":[{"start":{"line":65,"column":37},"end":{"line":65,"column":81}},{"start":{"line":65,"column":84},"end":{"line":65,"column":87}}],"line":65},"13":{"loc":{"start":{"line":68,"column":6},"end":{"line":70,"column":null}},"type":"if","locations":[{"start":{"line":68,"column":6},"end":{"line":70,"column":null}},{"start":{},"end":{}}],"line":68},"14":{"loc":{"start":{"line":68,"column":10},"end":{"line":68,"column":37}},"type":"binary-expr","locations":[{"start":{"line":68,"column":10},"end":{"line":68,"column":15}},{"start":{"line":68,"column":19},"end":{"line":68,"column":37}}],"line":68},"15":{"loc":{"start":{"line":74,"column":2},"end":{"line":74,"column":null}},"type":"if","locations":[{"start":{"line":74,"column":2},"end":{"line":74,"column":null}},{"start":{},"end":{}}],"line":74},"16":{"loc":{"start":{"line":90,"column":2},"end":{"line":96,"column":null}},"type":"if","locations":[{"start":{"line":90,"column":2},"end":{"line":96,"column":null}},{"start":{"line":93,"column":9},"end":{"line":96,"column":null}}],"line":90},"17":{"loc":{"start":{"line":93,"column":9},"end":{"line":96,"column":null}},"type":"if","locations":[{"start":{"line":93,"column":9},"end":{"line":96,"column":null}},{"start":{},"end":{}}],"line":93},"18":{"loc":{"start":{"line":101,"column":2},"end":{"line":111,"column":null}},"type":"if","locations":[{"start":{"line":101,"column":2},"end":{"line":111,"column":null}},{"start":{},"end":{}}],"line":101},"19":{"loc":{"start":{"line":101,"column":6},"end":{"line":101,"column":35}},"type":"binary-expr","locations":[{"start":{"line":101,"column":6},"end":{"line":101,"column":25}},{"start":{"line":101,"column":29},"end":{"line":101,"column":35}}],"line":101},"20":{"loc":{"start":{"line":102,"column":4},"end":{"line":110,"column":null}},"type":"if","locations":[{"start":{"line":102,"column":4},"end":{"line":110,"column":null}},{"start":{"line":106,"column":11},"end":{"line":110,"column":null}}],"line":102},"21":{"loc":{"start":{"line":102,"column":8},"end":{"line":102,"column":48}},"type":"binary-expr","locations":[{"start":{"line":102,"column":8},"end":{"line":102,"column":18}},{"start":{"line":102,"column":22},"end":{"line":102,"column":33}},{"start":{"line":102,"column":37},"end":{"line":102,"column":48}}],"line":102},"22":{"loc":{"start":{"line":104,"column":6},"end":{"line":105,"column":null}},"type":"if","locations":[{"start":{"line":104,"column":6},"end":{"line":105,"column":null}},{"start":{"line":105,"column":11},"end":{"line":105,"column":null}}],"line":104},"23":{"loc":{"start":{"line":106,"column":11},"end":{"line":110,"column":null}},"type":"if","locations":[{"start":{"line":106,"column":11},"end":{"line":110,"column":null}},{"start":{},"end":{}}],"line":106},"24":{"loc":{"start":{"line":106,"column":15},"end":{"line":106,"column":55}},"type":"binary-expr","locations":[{"start":{"line":106,"column":15},"end":{"line":106,"column":25}},{"start":{"line":106,"column":29},"end":{"line":106,"column":40}},{"start":{"line":106,"column":44},"end":{"line":106,"column":55}}],"line":106},"25":{"loc":{"start":{"line":108,"column":6},"end":{"line":109,"column":null}},"type":"if","locations":[{"start":{"line":108,"column":6},"end":{"line":109,"column":null}},{"start":{"line":109,"column":11},"end":{"line":109,"column":null}}],"line":108}},"s":{"0":6,"1":0,"2":6,"3":87,"4":539,"5":0,"6":539,"7":3584,"8":6,"9":0,"10":6,"11":6,"12":6,"13":6,"14":79,"15":79,"16":79,"17":6,"18":27,"19":21,"20":6,"21":6,"22":6,"23":6,"24":6,"25":0,"26":6,"27":6,"28":6,"29":46,"30":46,"31":337,"32":337,"33":2616,"34":337,"35":2616,"36":337,"37":337,"38":0,"39":337,"40":0,"41":337,"42":337,"43":337,"44":337,"45":337,"46":337,"47":337,"48":337,"49":337,"50":337,"51":87,"52":46,"53":0,"54":6,"55":6,"56":6,"57":6,"58":6,"59":6,"60":6,"61":6,"62":6,"63":2,"64":2,"65":4,"66":0,"67":0,"68":6,"69":6,"70":6,"71":4,"72":0,"73":0,"74":0,"75":0,"76":4,"77":0,"78":0,"79":0,"80":0,"81":6},"f":{"0":6,"1":87,"2":539,"3":3584,"4":6,"5":27,"6":2616,"7":2616},"b":{"0":[0,6],"1":[0,539],"2":[3584,0],"3":[0,6],"4":[21,6],"5":[27,27],"6":[0,6],"7":[6,6],"8":[0,337],"9":[0,337],"10":[202,135],"11":[337,0],"12":[337,0],"13":[87,250],"14":[337,331],"15":[0,46],"16":[2,4],"17":[0,4],"18":[4,2],"19":[6,4],"20":[0,4],"21":[4,0,0],"22":[0,0],"23":[0,4],"24":[4,0,0],"25":[0,0]},"meta":{"lastBranch":26,"lastFunction":8,"lastStatement":82,"seen":{"f:10:9:10:17":0,"b:11:2:11:Infinity:undefined:undefined:undefined:undefined":0,"s:11:2:11:Infinity":0,"s:11:23:11:Infinity":1,"s:12:2:12:Infinity":2,"f:12:24:12:25":1,"s:12:34:12:49":3,"f:15:9:15:18":2,"b:16:2:16:Infinity:undefined:undefined:undefined:undefined":1,"s:16:2:16:Infinity":4,"s:16:23:16:Infinity":5,"s:17:2:17:Infinity":6,"f:17:24:17:25":3,"s:17:34:17:48":7,"b:17:39:17:42:17:46:17:47":2,"f:20:9:20:12":4,"b:21:2:21:Infinity:undefined:undefined:undefined:undefined":3,"s:21:2:21:Infinity":8,"s:21:26:21:Infinity":9,"s:22:12:22:43":10,"s:23:10:23:11":11,"s:24:2:28:Infinity":12,"s:24:15:24:33":13,"s:25:14:25:24":14,"s:26:14:26:28":15,"s:27:4:27:Infinity":16,"s:29:2:29:Infinity":17,"f:33:16:33:34":5,"b:34:2:34:Infinity:undefined:undefined:undefined:undefined":4,"s:34:2:34:Infinity":18,"b:34:6:34:14:34:18:34:37":5,"s:34:39:34:Infinity":19,"s:36:19:36:51":20,"s:37:14:37:37":21,"s:38:13:38:26":22,"s:39:16:39:32":23,"b:40:2:40:Infinity:undefined:undefined:undefined:undefined":6,"s:40:2:40:Infinity":24,"b:40:6:40:13:40:17:40:27":7,"s:40:29:40:Infinity":25,"s:42:13:42:17":26,"s:44:2:72:Infinity":27,"s:44:17:44:18":28,"s:45:4:71:Infinity":29,"s:45:17:45:33":30,"s:46:18:46:39":31,"s:47:17:47:49":32,"f:47:37:47:38":6,"s:47:44:47:47":33,"s:48:17:48:49":34,"f:48:37:48:38":7,"s:48:44:48:47":35,"s:49:19:49:26":36,"b:52:6:52:Infinity:undefined:undefined:undefined:undefined":8,"s:52:6:52:Infinity":37,"s:52:31:52:Infinity":38,"b:53:6:53:Infinity:undefined:undefined:undefined:undefined":9,"s:53:6:53:Infinity":39,"s:53:21:53:Infinity":40,"s:56:21:56:35":41,"s:57:29:57:49":42,"s:58:24:58:52":43,"s:59:22:59:75":44,"b:59:46:59:66:59:69:59:75":10,"s:60:26:60:60":45,"b:60:40:60:56:60:59:60:60":11,"s:63:24:63:46":46,"s:64:23:64:41":47,"s:65:23:65:87":48,"b:65:37:65:81:65:84:65:87":12,"s:66:20:66:57":49,"b:68:6:70:Infinity:undefined:undefined:undefined:undefined":13,"s:68:6:70:Infinity":50,"b:68:10:68:15:68:19:68:37":14,"s:69:8:69:Infinity":51,"b:74:2:74:Infinity:undefined:undefined:undefined:undefined":15,"s:74:2:74:Infinity":52,"s:74:13:74:Infinity":53,"s:76:61:76:65":54,"s:77:13:77:24":55,"s:78:14:78:41":56,"s:81:19:81:36":57,"s:82:17:82:40":58,"s:85:18:85:114":59,"s:88:17:88:23":60,"s:89:25:89:26":61,"b:90:2:96:Infinity:93:9:96:Infinity":16,"s:90:2:96:Infinity":62,"s:91:4:91:Infinity":63,"s:92:4:92:Infinity":64,"b:93:9:96:Infinity:undefined:undefined:undefined:undefined":17,"s:93:9:96:Infinity":65,"s:94:4:94:Infinity":66,"s:95:4:95:Infinity":67,"s:99:13:99:19":68,"s:100:18:100:19":69,"b:101:2:111:Infinity:undefined:undefined:undefined:undefined":18,"s:101:2:111:Infinity":70,"b:101:6:101:25:101:29:101:35":19,"b:102:4:110:Infinity:106:11:110:Infinity":20,"s:102:4:110:Infinity":71,"b:102:8:102:18:102:22:102:33:102:37:102:48":21,"s:103:6:103:Infinity":72,"b:104:6:105:Infinity:105:11:105:Infinity":22,"s:104:6:105:Infinity":73,"s:104:27:104:Infinity":74,"s:105:11:105:Infinity":75,"b:106:11:110:Infinity:undefined:undefined:undefined:undefined":23,"s:106:11:110:Infinity":76,"b:106:15:106:25:106:29:106:40:106:44:106:55":24,"s:107:6:107:Infinity":77,"b:108:6:109:Infinity:109:11:109:Infinity":25,"s:108:6:109:Infinity":78,"s:108:27:108:Infinity":79,"s:109:11:109:Infinity":80,"s:113:2:127:Infinity":81}}}
[...]
lumn":35}},{"start":{"line":223,"column":39},"end":{"line":223,"column":40}}],"line":223},"60":{"loc":{"start":{"line":224,"column":15},"end":{"line":224,"column":33}},"type":"binary-expr","locations":[{"start":{"line":224,"column":15},"end":{"line":224,"column":28}},{"start":{"line":224,"column":32},"end":{"line":224,"column":33}}],"line":224},"61":{"loc":{"start":{"line":226,"column":4},"end":{"line":230,"column":null}},"type":"if","locations":[{"start":{"line":226,"column":4},"end":{"line":230,"column":null}},{"start":{"line":228,"column":11},"end":{"line":230,"column":null}}],"line":226},"62":{"loc":{"start":{"line":228,"column":11},"end":{"line":230,"column":null}},"type":"if","locations":[{"start":{"line":228,"column":11},"end":{"line":230,"column":null}},{"start":{},"end":{}}],"line":228},"63":{"loc":{"start":{"line":228,"column":15},"end":{"line":228,"column":46}},"type":"binary-expr","locations":[{"start":{"line":228,"column":15},"end":{"line":228,"column":34}},{"start":{"line":228,"column":38},"end":{"line":228,"column":46}}],"line":228},"64":{"loc":{"start":{"line":253,"column":2},"end":{"line":254,"column":null}},"type":"if","locations":[{"start":{"line":253,"column":2},"end":{"line":254,"column":null}},{"start":{"line":254,"column":7},"end":{"line":254,"column":null}}],"line":253},"65":{"loc":{"start":{"line":254,"column":7},"end":{"line":254,"column":null}},"type":"if","locations":[{"start":{"line":254,"column":7},"end":{"line":254,"column":null}},{"start":{},"end":{}}],"line":254},"66":{"loc":{"start":{"line":258,"column":2},"end":{"line":264,"column":null}},"type":"if","locations":[{"start":{"line":258,"column":2},"end":{"line":264,"column":null}},{"start":{"line":260,"column":9},"end":{"line":264,"column":null}}],"line":258},"67":{"loc":{"start":{"line":258,"column":6},"end":{"line":258,"column":60}},"type":"binary-expr","locations":[{"start":{"line":258,"column":6},"end":{"line":258,"column":22}},{"start":{"line":258,"column":26},"end":{"line":258,"column":29}},{"start":{"line":258,"column":33},"end":{"line":258,"column":60}}],"line":258},"68":{"loc":{"start":{"line":259,"column":13},"end":{"line":259,"column":72}},"type":"cond-expr","locations":[{"start":{"line":259,"column":43},"end":{"line":259,"column":57}},{"start":{"line":259,"column":60},"end":{"line":259,"column":72}}],"line":259},"69":{"loc":{"start":{"line":260,"column":9},"end":{"line":264,"column":null}},"type":"if","locations":[{"start":{"line":260,"column":9},"end":{"line":264,"column":null}},{"start":{"line":262,"column":9},"end":{"line":264,"column":null}}],"line":260},"70":{"loc":{"start":{"line":260,"column":13},"end":{"line":260,"column":67}},"type":"binary-expr","locations":[{"start":{"line":260,"column":13},"end":{"line":260,"column":29}},{"start":{"line":260,"column":33},"end":{"line":260,"column":36}},{"start":{"line":260,"column":40},"end":{"line":260,"column":67}}],"line":260},"71":{"loc":{"start":{"line":261,"column":13},"end":{"line":261,"column":58}},"type":"cond-expr","locations":[{"start":{"line":261,"column":43},"end":{"line":261,"column":50}},{"start":{"line":261,"column":53},"end":{"line":261,"column":58}}],"line":261},"72":{"loc":{"start":{"line":262,"column":9},"end":{"line":264,"column":null}},"type":"if","locations":[{"start":{"line":262,"column":9},"end":{"line":264,"column":null}},{"start":{},"end":{}}],"line":262},"73":{"loc":{"start":{"line":262,"column":13},"end":{"line":262,"column":36}},"type":"binary-expr","locations":[{"start":{"line":262,"column":13},"end":{"line":262,"column":29}},{"start":{"line":262,"column":33},"end":{"line":262,"column":36}}],"line":262}},"s":{"0":2,"1":40,"2":0,"3":40,"4":40,"5":286,"6":40,"7":0,"8":40,"9":40,"10":40,"11":40,"12":246,"13":246,"14":246,"15":246,"16":40,"17":22,"18":0,"19":22,"20":22,"21":22,"22":166,"23":22,"24":166,"25":22,"26":22,"27":2,"28":1,"29":1,"30":0,"31":21,"32":21,"33":0,"34":21,"35":21,"36":21,"37":20,"38":20,"39":20,"40":20,"41":100,"42":20,"43":100,"44":20,"45":20,"46":20,"47":20,"48":20,"49":20,"50":100,"51":20,"52":100,"53":20,"54":20,"55":20,"56":19,"57":19,"58":19,"59":136,"60":19,"61":19,"62":19,"63":19,"64":57,"65":57,"66":19,"67":19,"68":1,"69":1,"70":1,"71":7,"72":1,"73":1,"74":1,"75":1,"76":3,"77":3,"78":1,"79":1,"80":20,"81":20,"82":20,"83":20,"84":0,"85":20,"86":0,"87":20,"88":0,"89":20,"90":20,"91":0,"92":0,"93":0,"94":0,"95":20,"96":20,"97":20,"98":123,"99":20,"100":123,"101":20,"102":1,"103":19,"104":18,"105":20,"106":20,"107":20,"108":20,"109":20,"110":20,"111":0,"112":20,"113":20,"114":0,"115":20,"116":143,"117":20,"118":20,"119":20,"120":20,"121":0,"122":20,"123":0,"124":20,"125":1,"126":20,"127":20,"128":0,"129":20,"130":0,"131":20,"132":0,"133":20,"134":0,"135":20,"136":0,"137":20,"138":1,"139":1,"140":1,"141":1,"142":0,"143":1,"144":0,"145":20,"146":20,"147":20,"148":20,"149":20,"150":20,"151":20,"152":19,"153":1,"154":1,"155":20,"156":20,"157":19,"158":1,"159":0,"160":1,"161":1,"162":20},"f":{"0":40,"1":286,"2":40,"3":22,"4":166,"5":166,"6":20,"7":100,"8":100,"9":100,"10":100,"11":136,"12":57,"13":57,"14":7,"15":3,"16":3,"17":123,"18":123,"19":143},"b":{"0":[0,40],"1":[40,40],"2":[40],"3":[0,40],"4":[0,22],"5":[22,22],"6":[22,0],"7":[2,20],"8":[1,1],"9":[0,1],"10":[0,21],"11":[0,21],"12":[20,0],"13":[20,0],"14":[20,0],"15":[1,19],"16":[18,1],"17":[19,1],"18":[19,0],"19":[0,0],"20":[1,0],"21":[0,0],"22":[0,20],"23":[0,20],"24":[0,20],"25":[20,0],"26":[0,0],"27":[0,0],"28":[20,0],"29":[123,0],"30":[1,19],"31":[20,20],"32":[18,1],"33":[19,19],"34":[20,0],"35":[20,0],"36":[0,20],"37":[20,0,0,0,0],"38":[20,19],"39":[0,20],"40":[20,0,0,0,0],"41":[20,0],"42":[20,20],"43":[0,20],"44":[20,18],"45":[0,20],"46":[20,1],"47":[1,19],"48":[0,20],"49":[20,18],"50":[0,20],"51":[20,1],"52":[0,20],"53":[20,18],"54":[0,20],"55":[20,1],"56":[0,20],"57":[1,19],"58":[1,0],"59":[1,1],"60":[1,1],"61":[0,1],"62":[0,1],"63":[1,0],"64":[19,1],"65":[1,0],"66":[19,1],"67":[20,19,19],"68":[1,18],"69":[0,1],"70":[1,1,1],"71":[0,0],"72":[1,0],"73":[1,1]},"meta":{"lastBranch":74,"lastFunction":20,"lastStatement":163,"seen":{"s:15:39:51:1":0,"f:55:9:55:12":0,"b:56:2:56:Infinity:undefined:undefined:undefined:undefined":0,"s:56:2:56:Infinity":1,"b:56:6:56:18:56:22:56:27":1,"s:56:29:56:Infinity":2,"s:57:16:57:30":3,"s:58:2:58:Infinity":4,"f:58:22:58:23":1,"s:58:32:58:37":5,"f:61:9:61:16":2,"b:61:30:61:32":2,"b:62:2:62:Infinity:undefined:undefined:undefined:undefined":3,"s:62:2:62:Infinity":6,"s:62:26:62:Infinity":7,"s:63:10:63:11":8,"s:64:12:64:43":9,"s:65:2:70:Infinity":10,"s:65:15:65:33":11,"s:66:14:66:24":12,"s:67:14:67:28":13,"s:68:15:68:76":14,"s:69:4:69:Infinity":15,"s:71:2:71:Infinity":16,"f:80:16:80:29":3,"b:81:2:81:Infinity:undefined:undefined:undefined:undefined":4,"s:81:2:81:Infinity":17,"b:81:6:81:14:81:18:81:36":5,"s:81:38:81:Infinity":18,"s:83:14:83:41":19,"s:84:17:84:35":20,"s:85:15:85:50":21,"f:85:38:85:39":4,"s:85:45:85:48":22,"s:86:15:86:50":23,"f:86:38:86:39":5,"s:86:45:86:48":24,"s:87:18:87:34":25,"b:87:18:87:29:87:33:87:34":6,"b:90:2:93:Infinity:undefined:undefined:undefined:undefined":7,"s:90:2:93:Infinity":26,"b:91:4:91:Infinity:undefined:undefined:undefined:undefined":8,"s:91:4:91:Infinity":27,"s:91:26:91:Infinity":28,"b:92:4:92:Infinity:undefined:undefined:undefined:undefined":9,"s:92:4:92:Infinity":29,"s:92:25:92:Infinity":30,"s:95:14:95:38":31,"b:96:2:96:Infinity:undefined:undefined:undefined:undefined":10,"s:96:2:96:Infinity":32,"s:96:19:96:Infinity":33,"b:97:2:97:Infinity:undefined:undefined:undefined:undefined":11,"s:97:2:97:Infinity":34,"s:97:19:97:Infinity":35,"s:98:2:98:Infinity":36,"f:109:16:109:32":6,"s:110:14:110:51":37,"b:110:33:110:44:110:47:110:51":12,"s:111:14:111:41":38,"s:114:24:114:51":39,"b:114:30:114:47:114:50:114:51":13,"s:117:17:117:70":40,"f:117:43:117:44":7,"s:117:50:117:69":41,"s:118:18:118:85":42,"b:118:18:118:80:118:84:118:85":14,"f:118:32:118:33":8,"s:118:42:118:47":43,"s:119:14:119:34":44,"s:120:15:120:47":45,"s:121:19:121:34":46,"s:125:4:125:91":47,"b:125:35:125:42:125:45:125:91":15,"b:125:76:125:82:125:85:125:91":16,"s:128:22:128:39":48,"s:129:19:129:59":49,"f:129:47:129:48":9,"s:129:54:129:57":50,"s:130:20:130:60":51,"f:130:48:130:49":10,"s:130:55:130:58":52,"s:133:16:133:21":53,"s:134:17:134:37":54,"b:136:2:159:Infinity:148:9:159:Infinity":17,"s:136:2:159:Infinity":55,"s:137:4:137:Infinity":56,"s:138:4:138:Infinity":57,"s:140:23:140:57":58,"f:140:46:140:47":11,"s:140:53:140:56":59,"s:141:23:141:46":60,"s:142:27:142:45":61,"s:143:22:143:34":62,"s:145:23:145:105":63,"f:145:72:145:73":12,"s:145:77:145:82":64,"f:145:89:145:90":13,"s:145:99:145:104":65,"s:146:4:146:Infinity":66,"b:146:41:146:86:146:90:146:119":18,"b:146:90:146:103:146:107:146:119":19,"s:147:4:147:Infinity":67,"s:149:4:149:Infinity":68,"s:150:4:150:Infinity":69,"s:152:22:152:56":70,"f:152:45:152:46":14,"s:152:52:152:55":71,"s:153:20:153:42":72,"s:154:24:154:39":73,"s:155:22:155:34":74,"s:156:23:156:102":75,"f:156:69:156:70":15,"s:156:74:156:79":76,"f:156:86:156:87":16,"s:156:96:156:101":77,"s:157:4:157:Infinity":78,"b:157:41:157:86:157:90:157:119":20,"b:157:90:157:103:157:107:157:119":21,"s:158:4:158:Infinity":79,"s:161:13:161:48":80,"s:163:20:163:50":81,"s:166:16:166:17":82,"b:167:2:172:Infinity:168:7:172:Infinity":22,"s:167:2:172:Infinity":83,"s:167:22:167:Infinity":84,"b:168:7:172:Infinity:169:7:172:Infinity":23,"s:168:7:172:Infinity":85,"s:168:29:168:Infinity":86,"b:169:7:172:Infinity:170:7:172:Infinity":24,"s:169:7:172:Infinity":87,"s:169:27:169:Infinity":88,"b:170:7:172:Infinity:171:7:172:Infinity":25,"s:170:7:172:Infinity":89,"s:170:29:170:Infinity":90,"b:171:7:172:Infinity:172:7:172:Infinity":26,"s:171:7:172:Infinity":91,"s:171:27:171:Infinity":92,"b:172:7:172:Infinity:undefined:undefined:undefined:undefined":27,"s:172:7:172:Infinity":93,"s:172:29:172:Infinity":94,"s:175:21:175:51":95,"b:175:27:175:47:175:50:175:51":28,"s:178:19:178:20":96,"s:181:15:181:58":97,"f:181:42:181:43":17,"s:181:49:181:57":98,"b:181:49:181:52:181:56:181:57":29,"s:182:15:182:73":99,"f:182:27:182:28":18,"s:182:37:182:42":100,"b:183:2:184:Infinity:184:7:184:Infinity":30,"s:183:2:184:Infinity":101,"b:183:6:183:14:183:18:183:34":31,"s:183:36:183:Infinity":102,"b:184:7:184:Infinity:undefined:undefined:undefined:undefined":32,"s:184:7:184:Infinity":103,"b:184:11:184:19:184:23:184:41":33,"s:184:43:184:Infinity":104,"b:187:2:200:Infinity:undefined:undefined:undefined:undefined":34,"s:187:2:200:Infinity":105,"s:188:18:188:35":106,"s:189:18:189:68":107,"b:189:18:189:41:189:45:189:68":35,"s:190:20:190:43":108,"s:191:22:191:45":109,"b:192:4:194:Infinity:undefined:undefined:undefined:undefined":36,"s:192:4:194:Infinity":110,"b:192:8:192:13:192:19:192:39:192:43:192:50:192:56:192:77:192:81:192:90":37,"s:193:6:193:Infinity":111,"s:196:20:196:70":112,"b:196:20:196:43:196:47:196:70":38,"b:197:4:199:Infinity:undefined:undefined:undefined:undefined":39,"s:197:4:199:Infinity":113,"b:197:8:197:15:197:21:197:41:197:45:197:54:197:60:197:81:197:85:197:92":40,"s:198:6:198:Infinity":114,"s:203:17:203:40":115,"f:203:29:203:30":19,"s:203:36:203:39":116,"s:204:14:204:29":117,"s:205:14:205:29":118,"b:206:2:210:Infinity:undefined:undefined:undefined:undefined":41,"s:206:2:210:Infinity":119,"b:206:6:206:17:206:21:206:32":42,"b:207:4:207:Infinity:undefined:undefined:undefined:undefined":43,"s:207:4:207:Infinity":120,"b:207:8:207:36:207:40:207:49":44,"s:207:51:207:Infinity":121,"b:208:4:208:Infinity:undefined:undefined:undefined:undefined":45,"s:208:4:208:Infinity":122,"b:208:8:208:36:208:40:208:49":46,"s:208:51:208:Infinity":123,"b:209:4:209:Infinity:undefined:undefined:undefined:undefined":47,"s:209:4:209:Infinity":124,"s:209:38:209:Infinity":125,"s:213:18:213:45":126,"b:214:2:218:Infinity:215:7:218:Infinity":48,"s:214:2:218:Infinity":127,"b:214:6:214:34:214:38:214:62":49,"s:214:64:214:Infinity":128,"b:215:7:218:Infinity:216:7:218:Infinity":50,"s:215:7:218:Infinity":129,"b:215:11:215:39:215:43:215:70":51,"s:215:72:215:Infinity":130,"b:216:7:218:Infinity:217:7:218:Infinity":52,"s:216:7:218:Infinity":131,"b:216:11:216:39:216:43:216:70":53,"s:216:72:216:Infinity":132,"b:217:7:218:Infinity:218:7:218:Infinity":54,"s:217:7:218:Infinity":133,"b:217:11:217:39:217:43:217:67":55,"s:217:69:217:Infinity":134,"b:218:7:218:Infinity:undefined:undefined:undefined:undefined":56,"s:218:7:218:Infinity":135,"s:218:35:218:Infinity":136,"b:221:2:231:Infinity:undefined:undefined:undefined:undefined":57,"s:221:2:231:Infinity":137,"s:222:15:222:31":138,"b:222:15:222:26:222:30:222:31":58,"s:223:15:223:40":139,"b:223:15:223:35:223:39:223:40":59,"s:224:15:224:33":140,"b:224:15:224:28:224:32:224:33":60,"b:226:4:230:Infinity:228:11:230:Infinity":61,"s:226:4:230:Infinity":141,"s:227:6:227:52":142,"b:228:11:230:Infinity:undefined:undefined:undefined:undefined":62,"s:228:11:230:Infinity":143,"b:228:15:228:34:228:38:228:46":63,"s:229:6:229:52":144,"s:233:2:233:Infinity":145,"s:237:4:237:78":146,"s:238:21:238:51":147,"s:241:21:241:61":148,"s:243:20:249:3":149,"s:252:14:252:19":150,"b:253:2:254:Infinity:254:7:254:Infinity":64,"s:253:2:254:Infinity":151,"s:253:24:253:39":152,"b:254:7:254:Infinity:undefined:undefined:undefined:undefined":65,"s:254:7:254:Infinity":153,"s:254:29:254:Infinity":154,"s:257:15:257:25":155,"b:258:2:264:Infinity:260:9:264:Infinity":66,"s:258:2:264:Infinity":156,"b:258:6:258:22:258:26:258:29:258:33:258:60":67,"s:259:4:259:Infinity":157,"b:259:43:259:57:259:60:259:72":68,"b:260:9:264:Infinity:262:9:264:Infinity":69,"s:260:9:264:Infinity":158,"b:260:13:260:29:260:33:260:36:260:40:260:67":70,"s:261:4:261:Infinity":159,"b:261:43:261:50:261:53:261:58":71,"b:262:9:264:Infinity:undefined:undefined:undefined:undefined":72,"s:262:9:264:Infinity":160,"b:262:13:262:29:262:33:262:36":73,"s:263:4:263:Infinity":161,"s:266:2:278:Infinity":162}}}
,"/Users/utkarshupadhyay/projects_personal/candlescan/src/engine/yahooQuote.js": {"path":"/Users/utkarshupadhyay/projects_personal/candlescan/src/engine/yahooQuote.js","statementMap":{"0":{"start":{"line":7,"column":12},"end":{"line":7,"column":102}},"1":{"start":{"line":8,"column":2},"end":{"line":8,"column":null}},"2":{"start":{"line":16,"column":2},"end":{"line":16,"column":null}},"3":{"start":{"line":16,"column":38},"end":{"line":16,"column":null}},"4":{"start":{"line":17,"column":2},"end":{"line":39,"column":null}},"5":{"start":{"line":18,"column":19},"end":{"line":18,"column":40}},"6":{"start":{"line":19,"column":18},"end":{"line":19,"column":70}},"7":{"start":{"line":20,"column":16},"end":{"line":20,"column":57}},"8":{"start":{"line":21,"column":4},"end":{"line":21,"column":null}},"9":{"start":{"line":21,"column":17},"end":{"line":21,"column":null}},"10":{"start":{"line":22,"column":14},"end":{"line":22,"column":30}},"11":{"start":{"line":23,"column":14},"end":{"line":23,"column":43}},"12":{"start":{"line":24,"column":4},"end":{"line":24,"column":null}},"13":{"start":{"line":24,"column":12},"end":{"line":24,"column":null}},"14":{"start":{"line":25,"column":4},"end":{"line":36,"column":null}},"15":{"start":{"line":38,"column":4},"end":{"line":38,"column":null}}},"fnMap":{"0":{"name":"quoteUrl","decl":{"start":{"line":6,"column":9},"end":{"line":6,"column":17}},"loc":{"start":{"line":6,"column":27},"end":{"line":9,"column":null}},"line":6},"1":{"name":"fetchYahooQuote","decl":{"start":{"line":15,"column":22},"end":{"line":15,"column":37}},"loc":{"start":{"line":15,"column":51},"end":{"line":40,"column":null}},"line":15}},"branchMap":{"0":{"loc":{"start":{"line":16,"column":2},"end":{"line":16,"column":null}},"type":"if","locations":[{"start":{"line":16,"column":2},"end":{"line":16,"column":null}},{"start":{},"end":{}}],"line":16},"1":{"loc":{"start":{"line":16,"column":6},"end":{"line":16,"column":36}},"type":"binary-expr","locations":[{"start":{"line":16,"column":6},"end":{"line":16,"column":18}},{"start":{"line":16,"column":22},"end":{"line":16,"column":36}}],"line":16},"2":{"loc":{"start":{"line":21,"column":4},"end":{"line":21,"column":null}},"type":"if","locations":[{"start":{"line":21,"column":4},"end":{"line":21,"column":null}},{"start":{},"end":{}}],"line":21},"3":{"loc":{"start":{"line":24,"column":4},"end":{"line":24,"column":null}},"type":"if","locations":[{"start":{"line":24,"column":4},"end":{"line":24,"column":null}},{"start":{},"end":{}}],"line":24},"4":{"loc":{"start":{"line":28,"column":11},"end":{"line":28,"column":39}},"type":"cond-expr","locations":[{"start":{"line":28,"column":27},"end":{"line":28,"column":32}},{"start":{"line":28,"column":35},"end":{"line":28,"column":39}}],"line":28},"5":{"loc":{"start":{"line":29,"column":11},"end":{"line":29,"column":39}},"type":"cond-expr","locations":[{"start":{"line":29,"column":27},"end":{"line":29,"column":32}},{"start":{"line":29,"column":35},"end":{"line":29,"column":39}}],"line":29}},"s":{"0":0,"1":0,"2":0,"3":0,"4":0,"5":0,"6":0,"7":0,"8":0,"9":0,"10":0,"11":0,"12":0,"13":0,"14":0,"15":0},"f":{"0":0,"1":0},"b":{"0":[0,0],"1":[0,0],"2":[0,0],"3":[0,0],"4":[0,0],"5":[0,0]},"meta":{"lastBranch":6,"lastFunction":2,"lastStatement":16,"seen":{"f:6:9:6:17":0,"s:7:12:7:102":0,"s:8:2:8:Infinity":1,"f:15:22:15:37":1,"b:16:2:16:Infinity:undefined:undefined:undefined:undefined":0,"s:16:2:16:Infinity":2,"b:16:6:16:18:16:22:16:36":1,"s:16:38:16:Infinity":3,"s:17:2:39:Infinity":4,"s:18:19:18:40":5,"s:19:18:19:70":6,"s:20:16:20:57":7,"b:21:4:21:Infinity:undefined:undefined:undefined:undefined":2,"s:21:4:21:Infinity":8,"s:21:17:21:Infinity":9,"s:22:14:22:30":10,"s:23:14:23:43":11,"b:24:4:24:Infinity:undefined:undefined:undefined:undefined":3,"s:24:4:24:Infinity":12,"s:24:12:24:Infinity":13,"s:25:4:36:Infinity":14,"b:28:27:28:32:28:35:28:39":4,"b:29:27:29:32:29:35:29:39":5,"s:38:4:38:Infinity":15}}}
,"/Users/utkarshupadhyay/projects_personal/candlescan/src/utils/batchAuth.js": {"path":"/Users/utkarshupadhyay/projects_personal/candlescan/src/utils/batchAuth.js","statementMap":{"0":{"start":{"line":6,"column":12},"end":{"line":6,"column":34}},"1":{"start":{"line":9,"column":2},"end":{"line":13,"column":null}},"2":{"start":{"line":10,"column":4},"end":{"line":10,"column":null}},"3":{"start":{"line":12,"column":4},"end":{"line":12,"column":null}},"4":{"start":{"line":17,"column":2},"end":{"line":21,"column":null}},"5":{"start":{"line":18,"column":4},"end":{"line":18,"column":null}},"6":{"start":{"line":25,"column":2},"end":{"line":25,"column":null}},"7":{"start":{"line":29,"column":2},"end":{"line":33,"column":null}},"8":{"start":{"line":30,"column":4},"end":{"line":30,"column":null}}},"fnMap":{"0":{"name":"getBatchToken","decl":{"start":{"line":8,"column":16},"end":{"line":8,"column":29}},"loc":{"start":{"line":8,"column":32},"end":{"line":14,"column":null}},"line":8},"1":{"name":"setBatchToken","decl":{"start":{"line":16,"column":16},"end":{"line":16,"column":29}},"loc":{"start":{"line":16,"column":42},"end":{"line":22,"column":null}},"line":16},"2":{"name":"hasBatchToken","decl":{"start":{"line":24,"column":16},"end":{"line":24,"column":29}},"loc":{"start":{"line":24,"column":32},"end":{"line":26,"column":null}},"line":24},"3":{"name":"clearBatchToken","decl":{"start":{"line":28,"column":16},"end":{"line":28,"column":31}},"loc":{"start":{"line":28,"column":34},"end":{"line":34,"column":null}},"line":28}},"branchMap":{"0":{"loc":{"start":{"line":10,"column":11},"end":{"line":10,"column":42}},"type":"binary-expr","locations":[{"start":{"line":10,"column":11},"end":{"line":10,"column":36}},{"start":{"line":10,"column":40},"end":{"line":10,"column":42}}],"line":10}},"s":{"0":1,"1":7,"2":7,"3":0,"4":4,"5":4,"6":3,"7":1,"8":1},"f":{"0":7,"1":4,"2":3,"3":1},"b":{"0":[7,4]},"meta":{"lastBranch":1,"lastFunction":4,"lastStatement":9,"seen":{"s:6:12:6:34":0,"f:8:16:8:29":0,"s:9:2:13:Infinity":1,"s:10:4:10:Infinity":2,"b:10:11:10:36:10:40:10:42":0,"s:12:4:12:Infinity":3,"f:16:16:16:29":1,"s:17:2:21:Infinity":4,"s:18:4:18:Infinity":5,"f:24:16:24:29":2,"s:25:2:25:Infinity":6,"f:28:16:28:31":3,"s:29:2:33:Infinity":7,"s:30:4:30:Infinity":8}}}
}
